{"C:\\xampp\\htdocs\\yoursupermarket\\backend\\src\\app.controller.ts": {"path":"C:\\xampp\\htdocs\\yoursupermarket\\backend\\src\\app.controller.ts","statementMap":{"0":{"start":{"line":1,"column":0},"end":{"line":1,"column":49}},"1":{"start":{"line":2,"column":0},"end":{"line":2,"column":67}},"2":{"start":{"line":3,"column":0},"end":{"line":3,"column":43}},"3":{"start":{"line":4,"column":0},"end":{"line":4,"column":56}},"4":{"start":{"line":5,"column":0},"end":{"line":5,"column":69}},"5":{"start":{"line":9,"column":7},"end":{"line":50,"column":null}},"6":{"start":{"line":11,"column":21},"end":{"line":11,"column":33}},"7":{"start":{"line":12,"column":12},"end":{"line":12,"column":20}},"8":{"start":{"line":13,"column":12},"end":{"line":13,"column":20}},"9":{"start":{"line":19,"column":4},"end":{"line":19,"column":38}},"10":{"start":{"line":28,"column":4},"end":{"line":48,"column":7}},"11":{"start":{"line":31,"column":8},"end":{"line":46,"column":9}},"12":{"start":{"line":32,"column":10},"end":{"line":32,"column":48}},"13":{"start":{"line":33,"column":10},"end":{"line":38,"column":12}},"14":{"start":{"line":40,"column":10},"end":{"line":45,"column":12}},"15":{"start":{"line":9,"column":13},"end":{"line":9,"column":26}},"16":{"start":{"line":18,"column":2},"end":{"line":20,"column":null}},"17":{"start":{"line":27,"column":8},"end":{"line":49,"column":null}},"18":{"start":{"line":9,"column":13},"end":{"line":50,"column":null}}},"fnMap":{"0":{"name":"(anonymous_2)","decl":{"start":{"line":10,"column":2},"end":{"line":10,"column":null}},"loc":{"start":{"line":13,"column":33},"end":{"line":14,"column":6}}},"1":{"name":"(anonymous_3)","decl":{"start":{"line":18,"column":2},"end":{"line":18,"column":10}},"loc":{"start":{"line":18,"column":10},"end":{"line":20,"column":3}}},"2":{"name":"(anonymous_4)","decl":{"start":{"line":27,"column":8},"end":{"line":27,"column":13}},"loc":{"start":{"line":27,"column":13},"end":{"line":49,"column":3}}},"3":{"name":"(anonymous_5)","decl":{"start":{"line":29,"column":6},"end":{"line":29,"column":11}},"loc":{"start":{"line":29,"column":17},"end":{"line":47,"column":7}}}},"branchMap":{"0":{"loc":{"start":{"line":11,"column":33},"end":{"line":11,"column":null}},"type":"cond-expr","locations":[{"start":{"line":11,"column":43},"end":{"line":11,"column":null}},{"start":{"line":11,"column":43},"end":{"line":11,"column":null}}]},"1":{"loc":{"start":{"line":11,"column":33},"end":{"line":11,"column":43}},"type":"binary-expr","locations":[{"start":{"line":11,"column":33},"end":{"line":11,"column":null}},{"start":{"line":11,"column":33},"end":{"line":11,"column":43}}]},"2":{"loc":{"start":{"line":11,"column":43},"end":{"line":12,"column":null}},"type":"cond-expr","locations":[{"start":{"line":12,"column":38},"end":{"line":12,"column":null}},{"start":{"line":12,"column":38},"end":{"line":12,"column":null}}]},"3":{"loc":{"start":{"line":11,"column":43},"end":{"line":12,"column":38}},"type":"binary-expr","locations":[{"start":{"line":11,"column":43},"end":{"line":12,"column":null}},{"start":{"line":12,"column":20},"end":{"line":12,"column":38}}]},"4":{"loc":{"start":{"line":12,"column":38},"end":{"line":13,"column":null}},"type":"cond-expr","locations":[{"start":{"line":13,"column":33},"end":{"line":13,"column":null}},{"start":{"line":13,"column":33},"end":{"line":13,"column":null}}]},"5":{"loc":{"start":{"line":12,"column":38},"end":{"line":13,"column":33}},"type":"binary-expr","locations":[{"start":{"line":12,"column":38},"end":{"line":13,"column":null}},{"start":{"line":13,"column":20},"end":{"line":13,"column":33}}]}},"s":{"0":1,"1":1,"2":1,"3":1,"4":1,"5":1,"6":1,"7":1,"8":1,"9":1,"10":0,"11":0,"12":0,"13":0,"14":0,"15":1,"16":1,"17":1,"18":1},"f":{"0":1,"1":1,"2":0,"3":0},"b":{"0":[1,0],"1":[1,1],"2":[1,0],"3":[1,1],"4":[1,0],"5":[1,1]}}
,"C:\\xampp\\htdocs\\yoursupermarket\\backend\\src\\app.module.ts": {"path":"C:\\xampp\\htdocs\\yoursupermarket\\backend\\src\\app.module.ts","statementMap":{"0":{"start":{"line":1,"column":0},"end":{"line":1,"column":40}},"1":{"start":{"line":2,"column":0},"end":{"line":2,"column":46}},"2":{"start":{"line":3,"column":0},"end":{"line":3,"column":68}},"3":{"start":{"line":4,"column":0},"end":{"line":4,"column":50}},"4":{"start":{"line":5,"column":0},"end":{"line":5,"column":41}},"5":{"start":{"line":6,"column":0},"end":{"line":6,"column":49}},"6":{"start":{"line":7,"column":0},"end":{"line":7,"column":43}},"7":{"start":{"line":8,"column":0},"end":{"line":8,"column":56}},"8":{"start":{"line":9,"column":0},"end":{"line":9,"column":62}},"9":{"start":{"line":10,"column":0},"end":{"line":10,"column":48}},"10":{"start":{"line":11,"column":0},"end":{"line":11,"column":51}},"11":{"start":{"line":12,"column":0},"end":{"line":12,"column":66}},"12":{"start":{"line":13,"column":0},"end":{"line":13,"column":60}},"13":{"start":{"line":14,"column":0},"end":{"line":14,"column":48}},"14":{"start":{"line":15,"column":0},"end":{"line":15,"column":54}},"15":{"start":{"line":16,"column":0},"end":{"line":16,"column":60}},"16":{"start":{"line":17,"column":0},"end":{"line":17,"column":60}},"17":{"start":{"line":18,"column":0},"end":{"line":18,"column":57}},"18":{"start":{"line":19,"column":0},"end":{"line":19,"column":63}},"19":{"start":{"line":20,"column":0},"end":{"line":20,"column":75}},"20":{"start":{"line":21,"column":0},"end":{"line":21,"column":72}},"21":{"start":{"line":22,"column":0},"end":{"line":22,"column":51}},"22":{"start":{"line":23,"column":0},"end":{"line":23,"column":57}},"23":{"start":{"line":80,"column":7},"end":{"line":80,"column":null}},"24":{"start":{"line":80,"column":13},"end":{"line":80,"column":22}},"25":{"start":{"line":80,"column":13},"end":{"line":80,"column":null}}},"fnMap":{},"branchMap":{},"s":{"0":0,"1":0,"2":0,"3":0,"4":0,"5":0,"6":0,"7":0,"8":0,"9":0,"10":0,"11":0,"12":0,"13":0,"14":0,"15":0,"16":0,"17":0,"18":0,"19":0,"20":0,"21":0,"22":0,"23":0,"24":0,"25":0},"f":{},"b":{}}
,"C:\\xampp\\htdocs\\yoursupermarket\\backend\\src\\app.service.ts": {"path":"C:\\xampp\\htdocs\\yoursupermarket\\backend\\src\\app.service.ts","statementMap":{"0":{"start":{"line":1,"column":0},"end":{"line":1,"column":44}},"1":{"start":{"line":4,"column":7},"end":{"line":8,"column":null}},"2":{"start":{"line":6,"column":4},"end":{"line":6,"column":26}},"3":{"start":{"line":4,"column":13},"end":{"line":4,"column":23}},"4":{"start":{"line":4,"column":13},"end":{"line":8,"column":null}}},"fnMap":{"0":{"name":"(anonymous_1)","decl":{"start":{"line":5,"column":2},"end":{"line":5,"column":10}},"loc":{"start":{"line":5,"column":10},"end":{"line":7,"column":3}}}},"branchMap":{},"s":{"0":1,"1":1,"2":1,"3":1,"4":1},"f":{"0":1},"b":{}}
,"C:\\xampp\\htdocs\\yoursupermarket\\backend\\src\\main.ts": {"path":"C:\\xampp\\htdocs\\yoursupermarket\\backend\\src\\main.ts","statementMap":{"0":{"start":{"line":1,"column":0},"end":{"line":1,"column":43}},"1":{"start":{"line":2,"column":0},"end":{"line":2,"column":56}},"2":{"start":{"line":3,"column":0},"end":{"line":3,"column":65}},"3":{"start":{"line":4,"column":0},"end":{"line":4,"column":41}},"4":{"start":{"line":5,"column":0},"end":{"line":5,"column":77}},"5":{"start":{"line":6,"column":0},"end":{"line":6,"column":79}},"6":{"start":{"line":9,"column":14},"end":{"line":9,"column":49}},"7":{"start":{"line":10,"column":17},"end":{"line":10,"column":40}},"8":{"start":{"line":13,"column":2},"end":{"line":16,"column":5}},"9":{"start":{"line":19,"column":2},"end":{"line":25,"column":4}},"10":{"start":{"line":28,"column":2},"end":{"line":28,"column":50}},"11":{"start":{"line":31,"column":2},"end":{"line":31,"column":54}},"12":{"start":{"line":34,"column":2},"end":{"line":34,"column":29}},"13":{"start":{"line":37,"column":17},"end":{"line":65,"column":12}},"14":{"start":{"line":67,"column":19},"end":{"line":67,"column":60}},"15":{"start":{"line":68,"column":2},"end":{"line":72,"column":5}},"16":{"start":{"line":74,"column":15},"end":{"line":74,"column":39}},"17":{"start":{"line":75,"column":2},"end":{"line":75,"column":25}},"18":{"start":{"line":76,"column":2},"end":{"line":76,"column":72}},"19":{"start":{"line":77,"column":2},"end":{"line":77,"column":86}},"20":{"start":{"line":79,"column":0},"end":{"line":79,"column":12}}},"fnMap":{"0":{"name":"bootstrap","decl":{"start":{"line":8,"column":15},"end":{"line":8,"column":24}},"loc":{"start":{"line":8,"column":24},"end":{"line":78,"column":1}}}},"branchMap":{"0":{"loc":{"start":{"line":14,"column":12},"end":{"line":14,"column":63}},"type":"binary-expr","locations":[{"start":{"line":14,"column":12},"end":{"line":14,"column":36}},{"start":{"line":14,"column":40},"end":{"line":14,"column":63}}]},"1":{"loc":{"start":{"line":74,"column":15},"end":{"line":74,"column":39}},"type":"binary-expr","locations":[{"start":{"line":74,"column":15},"end":{"line":74,"column":31}},{"start":{"line":74,"column":35},"end":{"line":74,"column":39}}]}},"s":{"0":0,"1":0,"2":0,"3":0,"4":0,"5":0,"6":0,"7":0,"8":0,"9":0,"10":0,"11":0,"12":0,"13":0,"14":0,"15":0,"16":0,"17":0,"18":0,"19":0,"20":0},"f":{"0":0},"b":{"0":[0,0],"1":[0,0]}}
,"C:\\xampp\\htdocs\\yoursupermarket\\backend\\src\\admin\\admin.controller.ts": {"path":"C:\\xampp\\htdocs\\yoursupermarket\\backend\\src\\admin\\admin.controller.ts","statementMap":{"0":{"start":{"line":1,"column":0},"end":{"line":1,"column":67}},"1":{"start":{"line":2,"column":0},"end":{"line":2,"column":47}},"2":{"start":{"line":3,"column":0},"end":{"line":3,"column":61}},"3":{"start":{"line":4,"column":0},"end":{"line":4,"column":56}},"4":{"start":{"line":5,"column":0},"end":{"line":5,"column":59}},"5":{"start":{"line":6,"column":0},"end":{"line":6,"column":42}},"6":{"start":{"line":7,"column":0},"end":{"line":7,"column":61}},"7":{"start":{"line":12,"column":7},"end":{"line":29,"column":null}},"8":{"start":{"line":13,"column":31},"end":{"line":13,"column":45}},"9":{"start":{"line":17,"column":4},"end":{"line":17,"column":49}},"10":{"start":{"line":22,"column":4},"end":{"line":22,"column":76}},"11":{"start":{"line":27,"column":4},"end":{"line":27,"column":77}},"12":{"start":{"line":12,"column":13},"end":{"line":12,"column":28}},"13":{"start":{"line":16,"column":2},"end":{"line":18,"column":null}},"14":{"start":{"line":21,"column":2},"end":{"line":23,"column":null}},"15":{"start":{"line":26,"column":2},"end":{"line":28,"column":null}},"16":{"start":{"line":12,"column":13},"end":{"line":29,"column":null}}},"fnMap":{"0":{"name":"(anonymous_4)","decl":{"start":{"line":13,"column":2},"end":{"line":13,"column":31}},"loc":{"start":{"line":13,"column":57},"end":{"line":13,"column":61}}},"1":{"name":"(anonymous_5)","decl":{"start":{"line":16,"column":2},"end":{"line":16,"column":19}},"loc":{"start":{"line":16,"column":19},"end":{"line":18,"column":3}}},"2":{"name":"(anonymous_6)","decl":{"start":{"line":21,"column":2},"end":{"line":21,"column":13}},"loc":{"start":{"line":21,"column":48},"end":{"line":23,"column":3}}},"3":{"name":"(anonymous_7)","decl":{"start":{"line":26,"column":2},"end":{"line":26,"column":14}},"loc":{"start":{"line":26,"column":49},"end":{"line":28,"column":3}}}},"branchMap":{"0":{"loc":{"start":{"line":21,"column":35},"end":{"line":21,"column":null}},"type":"cond-expr","locations":[{"start":{"line":21,"column":48},"end":{"line":21,"column":null}},{"start":{"line":21,"column":48},"end":{"line":21,"column":null}}]},"1":{"loc":{"start":{"line":21,"column":35},"end":{"line":21,"column":48}},"type":"binary-expr","locations":[{"start":{"line":21,"column":35},"end":{"line":21,"column":null}},{"start":{"line":21,"column":35},"end":{"line":21,"column":48}}]},"2":{"loc":{"start":{"line":26,"column":36},"end":{"line":26,"column":null}},"type":"cond-expr","locations":[{"start":{"line":26,"column":49},"end":{"line":26,"column":null}},{"start":{"line":26,"column":49},"end":{"line":26,"column":null}}]},"3":{"loc":{"start":{"line":26,"column":36},"end":{"line":26,"column":49}},"type":"binary-expr","locations":[{"start":{"line":26,"column":36},"end":{"line":26,"column":null}},{"start":{"line":26,"column":36},"end":{"line":26,"column":49}}]},"4":{"loc":{"start":{"line":13,"column":45},"end":{"line":13,"column":60}},"type":"cond-expr","locations":[{"start":{"line":13,"column":57},"end":{"line":13,"column":60}},{"start":{"line":13,"column":57},"end":{"line":13,"column":60}}]},"5":{"loc":{"start":{"line":13,"column":45},"end":{"line":13,"column":57}},"type":"binary-expr","locations":[{"start":{"line":13,"column":45},"end":{"line":13,"column":60}},{"start":{"line":13,"column":45},"end":{"line":13,"column":57}}]}},"s":{"0":0,"1":0,"2":0,"3":0,"4":0,"5":0,"6":0,"7":0,"8":0,"9":0,"10":0,"11":0,"12":0,"13":0,"14":0,"15":0,"16":0},"f":{"0":0,"1":0,"2":0,"3":0},"b":{"0":[0,0],"1":[0,0],"2":[0,0],"3":[0,0],"4":[0,0],"5":[0,0]}}
,"C:\\xampp\\htdocs\\yoursupermarket\\backend\\src\\admin\\admin.module.ts": {"path":"C:\\xampp\\htdocs\\yoursupermarket\\backend\\src\\admin\\admin.module.ts","statementMap":{"0":{"start":{"line":1,"column":0},"end":{"line":1,"column":40}},"1":{"start":{"line":2,"column":0},"end":{"line":2,"column":47}},"2":{"start":{"line":3,"column":0},"end":{"line":3,"column":53}},"3":{"start":{"line":4,"column":0},"end":{"line":4,"column":57}},"4":{"start":{"line":5,"column":0},"end":{"line":5,"column":65}},"5":{"start":{"line":12,"column":7},"end":{"line":12,"column":null}},"6":{"start":{"line":12,"column":13},"end":{"line":12,"column":24}},"7":{"start":{"line":12,"column":13},"end":{"line":12,"column":null}}},"fnMap":{},"branchMap":{},"s":{"0":0,"1":0,"2":0,"3":0,"4":0,"5":0,"6":0,"7":0},"f":{},"b":{}}
,"C:\\xampp\\htdocs\\yoursupermarket\\backend\\src\\admin\\admin.service.ts": {"path":"C:\\xampp\\htdocs\\yoursupermarket\\backend\\src\\admin\\admin.service.ts","statementMap":{"0":{"start":{"line":1,"column":0},"end":{"line":1,"column":44}},"1":{"start":{"line":2,"column":0},"end":{"line":2,"column":57}},"2":{"start":{"line":3,"column":0},"end":{"line":3,"column":65}},"3":{"start":{"line":4,"column":0},"end":{"line":4,"column":82}},"4":{"start":{"line":7,"column":7},"end":{"line":111,"column":null}},"5":{"start":{"line":9,"column":12},"end":{"line":9,"column":20}},"6":{"start":{"line":10,"column":12},"end":{"line":10,"column":31}},"7":{"start":{"line":15,"column":6},"end":{"line":23,"column":8}},"8":{"start":{"line":25,"column":25},"end":{"line":38,"column":6}},"9":{"start":{"line":40,"column":4},"end":{"line":48,"column":6}},"10":{"start":{"line":52,"column":17},"end":{"line":52,"column":66}},"11":{"start":{"line":54,"column":27},"end":{"line":66,"column":6}},"12":{"start":{"line":68,"column":4},"end":{"line":75,"column":6}},"13":{"start":{"line":79,"column":17},"end":{"line":79,"column":66}},"14":{"start":{"line":81,"column":28},"end":{"line":100,"column":6}},"15":{"start":{"line":102,"column":4},"end":{"line":109,"column":6}},"16":{"start":{"line":7,"column":13},"end":{"line":7,"column":25}},"17":{"start":{"line":7,"column":13},"end":{"line":111,"column":null}}},"fnMap":{"0":{"name":"(anonymous_2)","decl":{"start":{"line":8,"column":2},"end":{"line":8,"column":null}},"loc":{"start":{"line":10,"column":48},"end":{"line":11,"column":6}}},"1":{"name":"(anonymous_3)","decl":{"start":{"line":13,"column":2},"end":{"line":13,"column":7}},"loc":{"start":{"line":13,"column":25},"end":{"line":49,"column":3}}},"2":{"name":"(anonymous_4)","decl":{"start":{"line":51,"column":2},"end":{"line":51,"column":7}},"loc":{"start":{"line":51,"column":56},"end":{"line":76,"column":3}}},"3":{"name":"(anonymous_5)","decl":{"start":{"line":78,"column":2},"end":{"line":78,"column":7}},"loc":{"start":{"line":78,"column":57},"end":{"line":110,"column":3}}}},"branchMap":{"0":{"loc":{"start":{"line":45,"column":22},"end":{"line":45,"column":50}},"type":"binary-expr","locations":[{"start":{"line":45,"column":22},"end":{"line":45,"column":45}},{"start":{"line":45,"column":49},"end":{"line":45,"column":50}}]},"1":{"loc":{"start":{"line":51,"column":20},"end":{"line":51,"column":36}},"type":"default-arg","locations":[{"start":{"line":51,"column":35},"end":{"line":51,"column":36}}]},"2":{"loc":{"start":{"line":51,"column":38},"end":{"line":51,"column":56}},"type":"default-arg","locations":[{"start":{"line":51,"column":54},"end":{"line":51,"column":56}}]},"3":{"loc":{"start":{"line":78,"column":21},"end":{"line":78,"column":37}},"type":"default-arg","locations":[{"start":{"line":78,"column":36},"end":{"line":78,"column":37}}]},"4":{"loc":{"start":{"line":78,"column":39},"end":{"line":78,"column":57}},"type":"default-arg","locations":[{"start":{"line":78,"column":55},"end":{"line":78,"column":57}}]},"5":{"loc":{"start":{"line":9,"column":20},"end":{"line":9,"column":null}},"type":"cond-expr","locations":[{"start":{"line":9,"column":33},"end":{"line":9,"column":null}},{"start":{"line":9,"column":33},"end":{"line":9,"column":null}}]},"6":{"loc":{"start":{"line":9,"column":20},"end":{"line":9,"column":33}},"type":"binary-expr","locations":[{"start":{"line":9,"column":20},"end":{"line":9,"column":null}},{"start":{"line":9,"column":20},"end":{"line":9,"column":33}}]},"7":{"loc":{"start":{"line":9,"column":33},"end":{"line":10,"column":null}},"type":"cond-expr","locations":[{"start":{"line":10,"column":48},"end":{"line":10,"column":null}},{"start":{"line":10,"column":48},"end":{"line":10,"column":null}}]},"8":{"loc":{"start":{"line":9,"column":33},"end":{"line":10,"column":48}},"type":"binary-expr","locations":[{"start":{"line":9,"column":33},"end":{"line":10,"column":null}},{"start":{"line":10,"column":31},"end":{"line":10,"column":48}}]}},"s":{"0":1,"1":1,"2":1,"3":1,"4":1,"5":5,"6":5,"7":1,"8":1,"9":1,"10":2,"11":2,"12":2,"13":2,"14":2,"15":2,"16":1,"17":1},"f":{"0":5,"1":1,"2":2,"3":2},"b":{"0":[1,0],"1":[0],"2":[0],"3":[0],"4":[0],"5":[1,0],"6":[1,1],"7":[1,0],"8":[1,1]}}
,"C:\\xampp\\htdocs\\yoursupermarket\\backend\\src\\auth\\auth.controller.ts": {"path":"C:\\xampp\\htdocs\\yoursupermarket\\backend\\src\\auth\\auth.controller.ts","statementMap":{"0":{"start":{"line":1,"column":0},"end":{"line":1,"column":null}},"1":{"start":{"line":9,"column":0},"end":{"line":9,"column":45}},"2":{"start":{"line":10,"column":0},"end":{"line":10,"column":null}},"3":{"start":{"line":16,"column":0},"end":{"line":16,"column":45}},"4":{"start":{"line":17,"column":0},"end":{"line":17,"column":49}},"5":{"start":{"line":18,"column":0},"end":{"line":18,"column":43}},"6":{"start":{"line":19,"column":0},"end":{"line":19,"column":58}},"7":{"start":{"line":20,"column":0},"end":{"line":20,"column":null}},"8":{"start":{"line":24,"column":0},"end":{"line":24,"column":55}},"9":{"start":{"line":25,"column":0},"end":{"line":25,"column":66}},"10":{"start":{"line":30,"column":7},"end":{"line":100,"column":null}},"11":{"start":{"line":31,"column":31},"end":{"line":31,"column":44}},"12":{"start":{"line":40,"column":4},"end":{"line":40,"column":50}},"13":{"start":{"line":50,"column":4},"end":{"line":50,"column":44}},"14":{"start":{"line":60,"column":4},"end":{"line":60,"column":58}},"15":{"start":{"line":74,"column":4},"end":{"line":74,"column":74}},"16":{"start":{"line":84,"column":4},"end":{"line":84,"column":60}},"17":{"start":{"line":98,"column":4},"end":{"line":98,"column":63}},"18":{"start":{"line":30,"column":13},"end":{"line":30,"column":27}},"19":{"start":{"line":39,"column":8},"end":{"line":41,"column":null}},"20":{"start":{"line":49,"column":8},"end":{"line":51,"column":null}},"21":{"start":{"line":59,"column":8},"end":{"line":61,"column":null}},"22":{"start":{"line":71,"column":8},"end":{"line":75,"column":null}},"23":{"start":{"line":83,"column":8},"end":{"line":85,"column":null}},"24":{"start":{"line":94,"column":8},"end":{"line":99,"column":null}},"25":{"start":{"line":30,"column":13},"end":{"line":100,"column":null}}},"fnMap":{"0":{"name":"(anonymous_4)","decl":{"start":{"line":31,"column":2},"end":{"line":31,"column":31}},"loc":{"start":{"line":31,"column":55},"end":{"line":31,"column":59}}},"1":{"name":"(anonymous_5)","decl":{"start":{"line":39,"column":8},"end":{"line":39,"column":16}},"loc":{"start":{"line":39,"column":49},"end":{"line":41,"column":3}}},"2":{"name":"(anonymous_6)","decl":{"start":{"line":49,"column":8},"end":{"line":49,"column":13}},"loc":{"start":{"line":49,"column":40},"end":{"line":51,"column":3}}},"3":{"name":"(anonymous_7)","decl":{"start":{"line":59,"column":8},"end":{"line":59,"column":15}},"loc":{"start":{"line":59,"column":56},"end":{"line":61,"column":3}}},"4":{"name":"(anonymous_8)","decl":{"start":{"line":71,"column":8},"end":{"line":71,"column":28}},"loc":{"start":{"line":72,"column":60},"end":{"line":75,"column":3}}},"5":{"name":"(anonymous_9)","decl":{"start":{"line":83,"column":8},"end":{"line":83,"column":21}},"loc":{"start":{"line":83,"column":64},"end":{"line":85,"column":3}}},"6":{"name":"(anonymous_10)","decl":{"start":{"line":94,"column":8},"end":{"line":94,"column":14}},"loc":{"start":{"line":96,"column":42},"end":{"line":99,"column":3}}}},"branchMap":{"0":{"loc":{"start":{"line":39,"column":38},"end":{"line":39,"column":null}},"type":"cond-expr","locations":[{"start":{"line":39,"column":49},"end":{"line":39,"column":null}},{"start":{"line":39,"column":49},"end":{"line":39,"column":null}}]},"1":{"loc":{"start":{"line":39,"column":38},"end":{"line":39,"column":49}},"type":"binary-expr","locations":[{"start":{"line":39,"column":38},"end":{"line":39,"column":null}},{"start":{"line":39,"column":38},"end":{"line":39,"column":49}}]},"2":{"loc":{"start":{"line":49,"column":32},"end":{"line":49,"column":null}},"type":"cond-expr","locations":[{"start":{"line":49,"column":40},"end":{"line":49,"column":null}},{"start":{"line":49,"column":40},"end":{"line":49,"column":null}}]},"3":{"loc":{"start":{"line":49,"column":32},"end":{"line":49,"column":40}},"type":"binary-expr","locations":[{"start":{"line":49,"column":32},"end":{"line":49,"column":null}},{"start":{"line":49,"column":32},"end":{"line":49,"column":40}}]},"4":{"loc":{"start":{"line":59,"column":41},"end":{"line":59,"column":null}},"type":"cond-expr","locations":[{"start":{"line":59,"column":56},"end":{"line":59,"column":null}},{"start":{"line":59,"column":56},"end":{"line":59,"column":null}}]},"5":{"loc":{"start":{"line":59,"column":41},"end":{"line":59,"column":56}},"type":"binary-expr","locations":[{"start":{"line":59,"column":41},"end":{"line":59,"column":null}},{"start":{"line":59,"column":41},"end":{"line":59,"column":56}}]},"6":{"loc":{"start":{"line":72,"column":37},"end":{"line":72,"column":null}},"type":"cond-expr","locations":[{"start":{"line":72,"column":60},"end":{"line":72,"column":null}},{"start":{"line":72,"column":60},"end":{"line":72,"column":null}}]},"7":{"loc":{"start":{"line":72,"column":37},"end":{"line":72,"column":60}},"type":"binary-expr","locations":[{"start":{"line":72,"column":37},"end":{"line":72,"column":null}},{"start":{"line":72,"column":37},"end":{"line":72,"column":60}}]},"8":{"loc":{"start":{"line":83,"column":48},"end":{"line":83,"column":null}},"type":"cond-expr","locations":[{"start":{"line":83,"column":64},"end":{"line":83,"column":null}},{"start":{"line":83,"column":64},"end":{"line":83,"column":null}}]},"9":{"loc":{"start":{"line":83,"column":48},"end":{"line":83,"column":64}},"type":"binary-expr","locations":[{"start":{"line":83,"column":48},"end":{"line":83,"column":null}},{"start":{"line":83,"column":48},"end":{"line":83,"column":64}}]},"10":{"loc":{"start":{"line":31,"column":44},"end":{"line":31,"column":58}},"type":"cond-expr","locations":[{"start":{"line":31,"column":55},"end":{"line":31,"column":58}},{"start":{"line":31,"column":55},"end":{"line":31,"column":58}}]},"11":{"loc":{"start":{"line":31,"column":44},"end":{"line":31,"column":55}},"type":"binary-expr","locations":[{"start":{"line":31,"column":44},"end":{"line":31,"column":58}},{"start":{"line":31,"column":44},"end":{"line":31,"column":55}}]}},"s":{"0":0,"1":0,"2":0,"3":0,"4":0,"5":0,"6":0,"7":0,"8":0,"9":0,"10":0,"11":0,"12":0,"13":0,"14":0,"15":0,"16":0,"17":0,"18":0,"19":0,"20":0,"21":0,"22":0,"23":0,"24":0,"25":0},"f":{"0":0,"1":0,"2":0,"3":0,"4":0,"5":0,"6":0},"b":{"0":[0,0],"1":[0,0],"2":[0,0],"3":[0,0],"4":[0,0],"5":[0,0],"6":[0,0],"7":[0,0],"8":[0,0],"9":[0,0],"10":[0,0],"11":[0,0]}}
,"C:\\xampp\\htdocs\\yoursupermarket\\backend\\src\\auth\\auth.module.ts": {"path":"C:\\xampp\\htdocs\\yoursupermarket\\backend\\src\\auth\\auth.module.ts","statementMap":{"0":{"start":{"line":1,"column":0},"end":{"line":1,"column":40}},"1":{"start":{"line":2,"column":0},"end":{"line":2,"column":40}},"2":{"start":{"line":3,"column":0},"end":{"line":3,"column":50}},"3":{"start":{"line":4,"column":0},"end":{"line":4,"column":45}},"4":{"start":{"line":5,"column":0},"end":{"line":5,"column":51}},"5":{"start":{"line":6,"column":0},"end":{"line":6,"column":56}},"6":{"start":{"line":7,"column":0},"end":{"line":7,"column":71}},"7":{"start":{"line":8,"column":0},"end":{"line":8,"column":57}},"8":{"start":{"line":9,"column":0},"end":{"line":9,"column":76}},"9":{"start":{"line":27,"column":7},"end":{"line":27,"column":null}},"10":{"start":{"line":27,"column":13},"end":{"line":27,"column":23}},"11":{"start":{"line":27,"column":13},"end":{"line":27,"column":null}}},"fnMap":{},"branchMap":{"0":{"loc":{"start":{"line":19,"column":19},"end":{"line":19,"column":54}},"type":"binary-expr","locations":[{"start":{"line":19,"column":19},"end":{"line":19,"column":45}},{"start":{"line":19,"column":49},"end":{"line":19,"column":54}}]}},"s":{"0":0,"1":0,"2":0,"3":0,"4":0,"5":0,"6":0,"7":0,"8":0,"9":0,"10":0,"11":0},"f":{},"b":{"0":[0,0]}}
,"C:\\xampp\\htdocs\\yoursupermarket\\backend\\src\\auth\\auth.service.ts": {"path":"C:\\xampp\\htdocs\\yoursupermarket\\backend\\src\\auth\\auth.service.ts","statementMap":{"0":{"start":{"line":1,"column":0},"end":{"line":1,"column":null}},"1":{"start":{"line":8,"column":0},"end":{"line":8,"column":41}},"2":{"start":{"line":9,"column":0},"end":{"line":9,"column":35}},"3":{"start":{"line":10,"column":0},"end":{"line":10,"column":57}},"4":{"start":{"line":18,"column":0},"end":{"line":18,"column":78}},"5":{"start":{"line":20,"column":0},"end":{"line":20,"column":58}},"6":{"start":{"line":21,"column":0},"end":{"line":21,"column":37}},"7":{"start":{"line":24,"column":24},"end":{"line":410,"column":null}},"8":{"start":{"line":25,"column":28},"end":{"line":25,"column":56}},"9":{"start":{"line":28,"column":12},"end":{"line":28,"column":20}},"10":{"start":{"line":29,"column":12},"end":{"line":29,"column":24}},"11":{"start":{"line":30,"column":12},"end":{"line":30,"column":34}},"12":{"start":{"line":34,"column":60},"end":{"line":34,"column":71}},"13":{"start":{"line":36,"column":4},"end":{"line":36,"column":44}},"14":{"start":{"line":39,"column":4},"end":{"line":46,"column":5}},"15":{"start":{"line":40,"column":27},"end":{"line":42,"column":8}},"16":{"start":{"line":43,"column":6},"end":{"line":45,"column":7}},"17":{"start":{"line":44,"column":8},"end":{"line":44,"column":73}},"18":{"start":{"line":48,"column":4},"end":{"line":55,"column":5}},"19":{"start":{"line":49,"column":27},"end":{"line":51,"column":8}},"20":{"start":{"line":52,"column":6},"end":{"line":54,"column":7}},"21":{"start":{"line":53,"column":8},"end":{"line":53,"column":73}},"22":{"start":{"line":58,"column":27},"end":{"line":58,"column":58}},"23":{"start":{"line":61,"column":17},"end":{"line":77,"column":6}},"24":{"start":{"line":80,"column":19},"end":{"line":80,"column":53}},"25":{"start":{"line":82,"column":4},"end":{"line":85,"column":6}},"26":{"start":{"line":89,"column":39},"end":{"line":89,"column":47}},"27":{"start":{"line":91,"column":4},"end":{"line":91,"column":44}},"28":{"start":{"line":94,"column":17},"end":{"line":98,"column":6}},"29":{"start":{"line":100,"column":4},"end":{"line":102,"column":5}},"30":{"start":{"line":101,"column":6},"end":{"line":101,"column":74}},"31":{"start":{"line":104,"column":4},"end":{"line":106,"column":5}},"32":{"start":{"line":105,"column":6},"end":{"line":105,"column":71}},"33":{"start":{"line":109,"column":28},"end":{"line":109,"column":73}},"34":{"start":{"line":110,"column":4},"end":{"line":112,"column":5}},"35":{"start":{"line":111,"column":6},"end":{"line":111,"column":74}},"36":{"start":{"line":115,"column":19},"end":{"line":115,"column":53}},"37":{"start":{"line":117,"column":4},"end":{"line":127,"column":6}},"38":{"start":{"line":131,"column":29},"end":{"line":131,"column":44}},"39":{"start":{"line":134,"column":4},"end":{"line":164,"column":5}},"40":{"start":{"line":135,"column":6},"end":{"line":137,"column":9}},"41":{"start":{"line":140,"column":26},"end":{"line":143,"column":8}},"42":{"start":{"line":145,"column":6},"end":{"line":147,"column":7}},"43":{"start":{"line":146,"column":8},"end":{"line":146,"column":76}},"44":{"start":{"line":149,"column":6},"end":{"line":151,"column":7}},"45":{"start":{"line":150,"column":8},"end":{"line":150,"column":73}},"46":{"start":{"line":154,"column":6},"end":{"line":156,"column":9}},"47":{"start":{"line":159,"column":21},"end":{"line":159,"column":67}},"48":{"start":{"line":161,"column":6},"end":{"line":161,"column":20}},"49":{"start":{"line":163,"column":6},"end":{"line":163,"column":63}},"50":{"start":{"line":168,"column":22},"end":{"line":168,"column":45}},"51":{"start":{"line":170,"column":17},"end":{"line":172,"column":6}},"52":{"start":{"line":174,"column":4},"end":{"line":179,"column":5}},"53":{"start":{"line":176,"column":6},"end":{"line":178,"column":8}},"54":{"start":{"line":182,"column":4},"end":{"line":190,"column":7}},"55":{"start":{"line":193,"column":23},"end":{"line":193,"column":54}},"56":{"start":{"line":194,"column":29},"end":{"line":194,"column":59}},"57":{"start":{"line":197,"column":4},"end":{"line":203,"column":7}},"58":{"start":{"line":206,"column":24},"end":{"line":206,"column":75}},"59":{"start":{"line":207,"column":21},"end":{"line":207,"column":72}},"60":{"start":{"line":210,"column":25},"end":{"line":210,"column":49}},"61":{"start":{"line":211,"column":22},"end":{"line":227,"column":6}},"62":{"start":{"line":229,"column":4},"end":{"line":245,"column":5}},"63":{"start":{"line":230,"column":6},"end":{"line":237,"column":7}},"64":{"start":{"line":231,"column":8},"end":{"line":235,"column":10}},"65":{"start":{"line":236,"column":6},"end":{"line":236,"column":68}},"66":{"start":{"line":239,"column":27},"end":{"line":239,"column":79}},"67":{"start":{"line":240,"column":6},"end":{"line":243,"column":8}},"68":{"start":{"line":247,"column":4},"end":{"line":249,"column":6}},"69":{"start":{"line":253,"column":35},"end":{"line":253,"column":51}},"70":{"start":{"line":256,"column":23},"end":{"line":259,"column":6}},"71":{"start":{"line":261,"column":4},"end":{"line":265,"column":5}},"72":{"start":{"line":262,"column":6},"end":{"line":264,"column":8}},"73":{"start":{"line":268,"column":4},"end":{"line":270,"column":5}},"74":{"start":{"line":269,"column":6},"end":{"line":269,"column":77}},"75":{"start":{"line":273,"column":4},"end":{"line":280,"column":5}},"76":{"start":{"line":275,"column":6},"end":{"line":278,"column":9}},"77":{"start":{"line":279,"column":6},"end":{"line":279,"column":72}},"78":{"start":{"line":283,"column":4},"end":{"line":285,"column":5}},"79":{"start":{"line":284,"column":6},"end":{"line":284,"column":66}},"80":{"start":{"line":288,"column":27},"end":{"line":288,"column":61}},"81":{"start":{"line":291,"column":4},"end":{"line":303,"column":7}},"82":{"start":{"line":293,"column":6},"end":{"line":296,"column":9}},"83":{"start":{"line":299,"column":6},"end":{"line":302,"column":9}},"84":{"start":{"line":306,"column":25},"end":{"line":306,"column":52}},"85":{"start":{"line":307,"column":22},"end":{"line":315,"column":6}},"86":{"start":{"line":317,"column":4},"end":{"line":335,"column":5}},"87":{"start":{"line":318,"column":6},"end":{"line":327,"column":7}},"88":{"start":{"line":319,"column":6},"end":{"line":323,"column":8}},"89":{"start":{"line":324,"column":8},"end":{"line":326,"column":10}},"90":{"start":{"line":329,"column":27},"end":{"line":329,"column":79}},"91":{"start":{"line":330,"column":6},"end":{"line":333,"column":8}},"92":{"start":{"line":337,"column":4},"end":{"line":337,"column":54}},"93":{"start":{"line":341,"column":4},"end":{"line":343,"column":5}},"94":{"start":{"line":342,"column":6},"end":{"line":342,"column":76}},"95":{"start":{"line":348,"column":4},"end":{"line":353,"column":7}},"96":{"start":{"line":355,"column":4},"end":{"line":355,"column":50}},"97":{"start":{"line":359,"column":20},"end":{"line":359,"column":35}},"98":{"start":{"line":362,"column":24},"end":{"line":365,"column":6}},"99":{"start":{"line":368,"column":25},"end":{"line":373,"column":null}},"100":{"start":{"line":377,"column":22},"end":{"line":377,"column":32}},"101":{"start":{"line":378,"column":4},"end":{"line":378,"column":47}},"102":{"start":{"line":380,"column":4},"end":{"line":386,"column":7}},"103":{"start":{"line":388,"column":4},"end":{"line":391,"column":6}},"104":{"start":{"line":399,"column":20},"end":{"line":403,"column":6}},"105":{"start":{"line":405,"column":4},"end":{"line":407,"column":6}},"106":{"start":{"line":408,"column":4},"end":{"line":408,"column":25}},"107":{"start":{"line":24,"column":13},"end":{"line":24,"column":24}},"108":{"start":{"line":24,"column":13},"end":{"line":410,"column":null}}},"fnMap":{"0":{"name":"(anonymous_11)","decl":{"start":{"line":27,"column":2},"end":{"line":27,"column":null}},"loc":{"start":{"line":30,"column":54},"end":{"line":31,"column":6}}},"1":{"name":"(anonymous_12)","decl":{"start":{"line":33,"column":2},"end":{"line":33,"column":7}},"loc":{"start":{"line":33,"column":41},"end":{"line":86,"column":3}}},"2":{"name":"(anonymous_13)","decl":{"start":{"line":88,"column":2},"end":{"line":88,"column":7}},"loc":{"start":{"line":88,"column":32},"end":{"line":128,"column":3}}},"3":{"name":"(anonymous_14)","decl":{"start":{"line":130,"column":2},"end":{"line":130,"column":7}},"loc":{"start":{"line":130,"column":53},"end":{"line":165,"column":3}}},"4":{"name":"(anonymous_15)","decl":{"start":{"line":167,"column":2},"end":{"line":167,"column":7}},"loc":{"start":{"line":167,"column":77},"end":{"line":250,"column":3}}},"5":{"name":"(anonymous_16)","decl":{"start":{"line":252,"column":2},"end":{"line":252,"column":7}},"loc":{"start":{"line":252,"column":56},"end":{"line":338,"column":3}}},"6":{"name":"(anonymous_17)","decl":{"start":{"line":291,"column":35},"end":{"line":291,"column":40}},"loc":{"start":{"line":291,"column":48},"end":{"line":303,"column":5}}},"7":{"name":"(anonymous_18)","decl":{"start":{"line":340,"column":10},"end":{"line":340,"column":30}},"loc":{"start":{"line":340,"column":61},"end":{"line":344,"column":3}}},"8":{"name":"(anonymous_19)","decl":{"start":{"line":346,"column":2},"end":{"line":346,"column":7}},"loc":{"start":{"line":346,"column":51},"end":{"line":356,"column":3}}},"9":{"name":"(anonymous_20)","decl":{"start":{"line":358,"column":10},"end":{"line":358,"column":15}},"loc":{"start":{"line":358,"column":45},"end":{"line":392,"column":3}}},"10":{"name":"(anonymous_21)","decl":{"start":{"line":398,"column":2},"end":{"line":398,"column":7}},"loc":{"start":{"line":398,"column":33},"end":{"line":409,"column":3}}}},"branchMap":{"0":{"loc":{"start":{"line":39,"column":4},"end":{"line":46,"column":5}},"type":"if","locations":[{"start":{"line":39,"column":4},"end":{"line":46,"column":5}},{"start":{},"end":{}}]},"1":{"loc":{"start":{"line":43,"column":6},"end":{"line":45,"column":7}},"type":"if","locations":[{"start":{"line":43,"column":6},"end":{"line":45,"column":7}},{"start":{},"end":{}}]},"2":{"loc":{"start":{"line":48,"column":4},"end":{"line":55,"column":5}},"type":"if","locations":[{"start":{"line":48,"column":4},"end":{"line":55,"column":5}},{"start":{},"end":{}}]},"3":{"loc":{"start":{"line":52,"column":6},"end":{"line":54,"column":7}},"type":"if","locations":[{"start":{"line":52,"column":6},"end":{"line":54,"column":7}},{"start":{},"end":{}}]},"4":{"loc":{"start":{"line":96,"column":13},"end":{"line":96,"column":35}},"type":"cond-expr","locations":[{"start":{"line":96,"column":21},"end":{"line":96,"column":30}},{"start":{"line":96,"column":33},"end":{"line":96,"column":35}}]},"5":{"loc":{"start":{"line":96,"column":37},"end":{"line":96,"column":59}},"type":"cond-expr","locations":[{"start":{"line":96,"column":45},"end":{"line":96,"column":54}},{"start":{"line":96,"column":57},"end":{"line":96,"column":59}}]},"6":{"loc":{"start":{"line":100,"column":4},"end":{"line":102,"column":5}},"type":"if","locations":[{"start":{"line":100,"column":4},"end":{"line":102,"column":5}},{"start":{},"end":{}}]},"7":{"loc":{"start":{"line":104,"column":4},"end":{"line":106,"column":5}},"type":"if","locations":[{"start":{"line":104,"column":4},"end":{"line":106,"column":5}},{"start":{},"end":{}}]},"8":{"loc":{"start":{"line":110,"column":4},"end":{"line":112,"column":5}},"type":"if","locations":[{"start":{"line":110,"column":4},"end":{"line":112,"column":5}},{"start":{},"end":{}}]},"9":{"loc":{"start":{"line":145,"column":6},"end":{"line":147,"column":7}},"type":"if","locations":[{"start":{"line":145,"column":6},"end":{"line":147,"column":7}},{"start":{},"end":{}}]},"10":{"loc":{"start":{"line":145,"column":10},"end":{"line":145,"column":60}},"type":"binary-expr","locations":[{"start":{"line":145,"column":10},"end":{"line":145,"column":22}},{"start":{"line":145,"column":26},"end":{"line":145,"column":60}}]},"11":{"loc":{"start":{"line":149,"column":6},"end":{"line":151,"column":7}},"type":"if","locations":[{"start":{"line":149,"column":6},"end":{"line":151,"column":7}},{"start":{},"end":{}}]},"12":{"loc":{"start":{"line":174,"column":4},"end":{"line":179,"column":5}},"type":"if","locations":[{"start":{"line":174,"column":4},"end":{"line":179,"column":5}},{"start":{},"end":{}}]},"13":{"loc":{"start":{"line":206,"column":24},"end":{"line":206,"column":75}},"type":"binary-expr","locations":[{"start":{"line":206,"column":24},"end":{"line":206,"column":48}},{"start":{"line":206,"column":52},"end":{"line":206,"column":75}}]},"14":{"loc":{"start":{"line":214,"column":19},"end":{"line":214,"column":43}},"type":"binary-expr","locations":[{"start":{"line":214,"column":19},"end":{"line":214,"column":33}},{"start":{"line":214,"column":37},"end":{"line":214,"column":43}}]},"15":{"loc":{"start":{"line":230,"column":6},"end":{"line":237,"column":7}},"type":"if","locations":[{"start":{"line":230,"column":6},"end":{"line":237,"column":7}},{"start":{},"end":{}}]},"16":{"loc":{"start":{"line":239,"column":27},"end":{"line":239,"column":79}},"type":"cond-expr","locations":[{"start":{"line":239,"column":52},"end":{"line":239,"column":63}},{"start":{"line":239,"column":66},"end":{"line":239,"column":79}}]},"17":{"loc":{"start":{"line":261,"column":4},"end":{"line":265,"column":5}},"type":"if","locations":[{"start":{"line":261,"column":4},"end":{"line":265,"column":5}},{"start":{},"end":{}}]},"18":{"loc":{"start":{"line":268,"column":4},"end":{"line":270,"column":5}},"type":"if","locations":[{"start":{"line":268,"column":4},"end":{"line":270,"column":5}},{"start":{},"end":{}}]},"19":{"loc":{"start":{"line":273,"column":4},"end":{"line":280,"column":5}},"type":"if","locations":[{"start":{"line":273,"column":4},"end":{"line":280,"column":5}},{"start":{},"end":{}}]},"20":{"loc":{"start":{"line":283,"column":4},"end":{"line":285,"column":5}},"type":"if","locations":[{"start":{"line":283,"column":4},"end":{"line":285,"column":5}},{"start":{},"end":{}}]},"21":{"loc":{"start":{"line":310,"column":19},"end":{"line":310,"column":54}},"type":"binary-expr","locations":[{"start":{"line":310,"column":19},"end":{"line":310,"column":44}},{"start":{"line":310,"column":48},"end":{"line":310,"column":54}}]},"22":{"loc":{"start":{"line":318,"column":6},"end":{"line":327,"column":7}},"type":"if","locations":[{"start":{"line":318,"column":6},"end":{"line":327,"column":7}},{"start":{},"end":{}}]},"23":{"loc":{"start":{"line":329,"column":27},"end":{"line":329,"column":79}},"type":"cond-expr","locations":[{"start":{"line":329,"column":52},"end":{"line":329,"column":63}},{"start":{"line":329,"column":66},"end":{"line":329,"column":79}}]},"24":{"loc":{"start":{"line":341,"column":4},"end":{"line":343,"column":5}},"type":"if","locations":[{"start":{"line":341,"column":4},"end":{"line":343,"column":5}},{"start":{},"end":{}}]},"25":{"loc":{"start":{"line":341,"column":8},"end":{"line":341,"column":24}},"type":"binary-expr","locations":[{"start":{"line":341,"column":8},"end":{"line":341,"column":14}},{"start":{"line":341,"column":18},"end":{"line":341,"column":24}}]},"26":{"loc":{"start":{"line":364,"column":17},"end":{"line":364,"column":52}},"type":"binary-expr","locations":[{"start":{"line":364,"column":17},"end":{"line":364,"column":43}},{"start":{"line":364,"column":47},"end":{"line":364,"column":52}}]},"27":{"loc":{"start":{"line":372,"column":19},"end":{"line":372,"column":61}},"type":"binary-expr","locations":[{"start":{"line":372,"column":19},"end":{"line":372,"column":53}},{"start":{"line":372,"column":57},"end":{"line":372,"column":61}}]},"28":{"loc":{"start":{"line":28,"column":20},"end":{"line":28,"column":null}},"type":"cond-expr","locations":[{"start":{"line":28,"column":33},"end":{"line":28,"column":null}},{"start":{"line":28,"column":33},"end":{"line":28,"column":null}}]},"29":{"loc":{"start":{"line":28,"column":20},"end":{"line":28,"column":33}},"type":"binary-expr","locations":[{"start":{"line":28,"column":20},"end":{"line":28,"column":null}},{"start":{"line":28,"column":20},"end":{"line":28,"column":33}}]},"30":{"loc":{"start":{"line":28,"column":33},"end":{"line":29,"column":null}},"type":"cond-expr","locations":[{"start":{"line":29,"column":34},"end":{"line":29,"column":null}},{"start":{"line":29,"column":34},"end":{"line":29,"column":null}}]},"31":{"loc":{"start":{"line":28,"column":33},"end":{"line":29,"column":34}},"type":"binary-expr","locations":[{"start":{"line":28,"column":33},"end":{"line":29,"column":null}},{"start":{"line":29,"column":24},"end":{"line":29,"column":34}}]},"32":{"loc":{"start":{"line":29,"column":34},"end":{"line":30,"column":null}},"type":"cond-expr","locations":[{"start":{"line":30,"column":54},"end":{"line":30,"column":null}},{"start":{"line":30,"column":54},"end":{"line":30,"column":null}}]},"33":{"loc":{"start":{"line":29,"column":34},"end":{"line":30,"column":54}},"type":"binary-expr","locations":[{"start":{"line":29,"column":34},"end":{"line":30,"column":null}},{"start":{"line":30,"column":34},"end":{"line":30,"column":54}}]}},"s":{"0":1,"1":1,"2":1,"3":1,"4":1,"5":1,"6":1,"7":1,"8":7,"9":7,"10":7,"11":7,"12":6,"13":6,"14":4,"15":4,"16":4,"17":2,"18":2,"19":1,"20":1,"21":0,"22":2,"23":2,"24":2,"25":2,"26":5,"27":5,"28":3,"29":3,"30":2,"31":1,"32":0,"33":1,"34":1,"35":0,"36":1,"37":1,"38":0,"39":0,"40":0,"41":0,"42":0,"43":0,"44":0,"45":0,"46":0,"47":0,"48":0,"49":0,"50":0,"51":0,"52":0,"53":0,"54":0,"55":0,"56":0,"57":0,"58":0,"59":0,"60":0,"61":0,"62":0,"63":0,"64":0,"65":0,"66":0,"67":0,"68":0,"69":0,"70":0,"71":0,"72":0,"73":0,"74":0,"75":0,"76":0,"77":0,"78":0,"79":0,"80":0,"81":0,"82":0,"83":0,"84":0,"85":0,"86":0,"87":0,"88":0,"89":0,"90":0,"91":0,"92":0,"93":11,"94":4,"95":0,"96":0,"97":3,"98":3,"99":3,"100":3,"101":3,"102":3,"103":3,"104":0,"105":0,"106":0,"107":1,"108":1},"f":{"0":7,"1":6,"2":5,"3":0,"4":0,"5":0,"6":0,"7":11,"8":0,"9":3,"10":0},"b":{"0":[4,0],"1":[2,2],"2":[1,1],"3":[0,1],"4":[3,0],"5":[0,3],"6":[2,1],"7":[0,1],"8":[0,1],"9":[0,0],"10":[0,0],"11":[0,0],"12":[0,0],"13":[0,0],"14":[0,0],"15":[0,0],"16":[0,0],"17":[0,0],"18":[0,0],"19":[0,0],"20":[0,0],"21":[0,0],"22":[0,0],"23":[0,0],"24":[4,7],"25":[11,4],"26":[3,3],"27":[3,3],"28":[1,0],"29":[1,1],"30":[1,0],"31":[1,1],"32":[1,0],"33":[1,1]}}
,"C:\\xampp\\htdocs\\yoursupermarket\\backend\\src\\auth\\decorators\\current-user.decorator.ts": {"path":"C:\\xampp\\htdocs\\yoursupermarket\\backend\\src\\auth\\decorators\\current-user.decorator.ts","statementMap":{"0":{"start":{"line":1,"column":0},"end":{"line":1,"column":72}},"1":{"start":{"line":14,"column":13},"end":{"line":21,"column":2}},"2":{"start":{"line":16,"column":20},"end":{"line":18,"column":49}},"3":{"start":{"line":19,"column":4},"end":{"line":19,"column":24}}},"fnMap":{"0":{"name":"(anonymous_0)","decl":{"start":{"line":15,"column":2},"end":{"line":15,"column":3}},"loc":{"start":{"line":15,"column":63},"end":{"line":20,"column":3}}}},"branchMap":{},"s":{"0":0,"1":0,"2":0,"3":0},"f":{"0":0},"b":{}}
,"C:\\xampp\\htdocs\\yoursupermarket\\backend\\src\\auth\\decorators\\roles.decorator.ts": {"path":"C:\\xampp\\htdocs\\yoursupermarket\\backend\\src\\auth\\decorators\\roles.decorator.ts","statementMap":{"0":{"start":{"line":1,"column":0},"end":{"line":1,"column":45}},"1":{"start":{"line":3,"column":0},"end":{"line":3,"column":50}},"2":{"start":{"line":5,"column":21},"end":{"line":5,"column":76}},"3":{"start":{"line":5,"column":47},"end":{"line":5,"column":76}},"4":{"start":{"line":5,"column":13},"end":{"line":5,"column":21}}},"fnMap":{"0":{"name":"(anonymous_0)","decl":{"start":{"line":5,"column":21},"end":{"line":5,"column":22}},"loc":{"start":{"line":5,"column":47},"end":{"line":5,"column":76}}}},"branchMap":{},"s":{"0":0,"1":0,"2":0,"3":0,"4":0},"f":{"0":0},"b":{}}
,"C:\\xampp\\htdocs\\yoursupermarket\\backend\\src\\auth\\dto\\login.dto.ts": {"path":"C:\\xampp\\htdocs\\yoursupermarket\\backend\\src\\auth\\dto\\login.dto.ts","statementMap":{"0":{"start":{"line":1,"column":0},"end":{"line":1,"column":76}},"1":{"start":{"line":3,"column":0},"end":{"line":3,"column":13}},"2":{"start":{"line":6,"column":2},"end":{"line":6,"column":null}},"3":{"start":{"line":10,"column":2},"end":{"line":10,"column":null}},"4":{"start":{"line":14,"column":2},"end":{"line":14,"column":null}}},"fnMap":{},"branchMap":{},"s":{"0":0,"1":0,"2":0,"3":0,"4":0},"f":{},"b":{}}
,"C:\\xampp\\htdocs\\yoursupermarket\\backend\\src\\auth\\dto\\refresh-token.dto.ts": {"path":"C:\\xampp\\htdocs\\yoursupermarket\\backend\\src\\auth\\dto\\refresh-token.dto.ts","statementMap":{"0":{"start":{"line":1,"column":0},"end":{"line":1,"column":55}},"1":{"start":{"line":3,"column":0},"end":{"line":3,"column":13}},"2":{"start":{"line":6,"column":2},"end":{"line":6,"column":null}}},"fnMap":{},"branchMap":{},"s":{"0":0,"1":0,"2":0},"f":{},"b":{}}
,"C:\\xampp\\htdocs\\yoursupermarket\\backend\\src\\auth\\dto\\register.dto.ts": {"path":"C:\\xampp\\htdocs\\yoursupermarket\\backend\\src\\auth\\dto\\register.dto.ts","statementMap":{"0":{"start":{"line":1,"column":0},"end":{"line":1,"column":null}},"1":{"start":{"line":10,"column":0},"end":{"line":10,"column":13}},"2":{"start":{"line":13,"column":2},"end":{"line":13,"column":null}},"3":{"start":{"line":20,"column":2},"end":{"line":20,"column":null}},"4":{"start":{"line":25,"column":2},"end":{"line":25,"column":null}},"5":{"start":{"line":29,"column":2},"end":{"line":29,"column":null}},"6":{"start":{"line":33,"column":2},"end":{"line":33,"column":null}}},"fnMap":{},"branchMap":{},"s":{"0":0,"1":0,"2":0,"3":0,"4":0,"5":0,"6":0},"f":{},"b":{}}
,"C:\\xampp\\htdocs\\yoursupermarket\\backend\\src\\auth\\dto\\reset-password.dto.ts": {"path":"C:\\xampp\\htdocs\\yoursupermarket\\backend\\src\\auth\\dto\\reset-password.dto.ts","statementMap":{"0":{"start":{"line":1,"column":0},"end":{"line":1,"column":75}},"1":{"start":{"line":3,"column":0},"end":{"line":3,"column":13}},"2":{"start":{"line":6,"column":2},"end":{"line":6,"column":null}},"3":{"start":{"line":9,"column":0},"end":{"line":9,"column":13}},"4":{"start":{"line":12,"column":2},"end":{"line":12,"column":null}},"5":{"start":{"line":17,"column":2},"end":{"line":17,"column":null}}},"fnMap":{},"branchMap":{},"s":{"0":0,"1":0,"2":0,"3":0,"4":0,"5":0},"f":{},"b":{}}
,"C:\\xampp\\htdocs\\yoursupermarket\\backend\\src\\auth\\guards\\jwt-auth.guard.ts": {"path":"C:\\xampp\\htdocs\\yoursupermarket\\backend\\src\\auth\\guards\\jwt-auth.guard.ts","statementMap":{"0":{"start":{"line":1,"column":0},"end":{"line":1,"column":44}},"1":{"start":{"line":2,"column":0},"end":{"line":2,"column":45}},"2":{"start":{"line":5,"column":7},"end":{"line":5,"column":null}},"3":{"start":{"line":5,"column":13},"end":{"line":5,"column":25}},"4":{"start":{"line":5,"column":13},"end":{"line":5,"column":null}}},"fnMap":{},"branchMap":{},"s":{"0":0,"1":0,"2":0,"3":0,"4":0},"f":{},"b":{}}
,"C:\\xampp\\htdocs\\yoursupermarket\\backend\\src\\auth\\guards\\roles.guard.ts": {"path":"C:\\xampp\\htdocs\\yoursupermarket\\backend\\src\\auth\\guards\\roles.guard.ts","statementMap":{"0":{"start":{"line":1,"column":0},"end":{"line":1,"column":75}},"1":{"start":{"line":2,"column":0},"end":{"line":2,"column":41}},"2":{"start":{"line":6,"column":13},"end":{"line":6,"column":33}},"3":{"start":{"line":9,"column":7},"end":{"line":27,"column":null}},"4":{"start":{"line":10,"column":22},"end":{"line":10,"column":33}},"5":{"start":{"line":13,"column":26},"end":{"line":15,"column":null}},"6":{"start":{"line":18,"column":4},"end":{"line":20,"column":5}},"7":{"start":{"line":19,"column":6},"end":{"line":19,"column":18}},"8":{"start":{"line":22,"column":21},"end":{"line":24,"column":49}},"9":{"start":{"line":25,"column":4},"end":{"line":25,"column":60}},"10":{"start":{"line":25,"column":40},"end":{"line":25,"column":58}},"11":{"start":{"line":9,"column":13},"end":{"line":9,"column":23}},"12":{"start":{"line":9,"column":13},"end":{"line":27,"column":null}}},"fnMap":{"0":{"name":"(anonymous_2)","decl":{"start":{"line":10,"column":2},"end":{"line":10,"column":22}},"loc":{"start":{"line":10,"column":42},"end":{"line":10,"column":46}}},"1":{"name":"(anonymous_3)","decl":{"start":{"line":12,"column":2},"end":{"line":12,"column":13}},"loc":{"start":{"line":12,"column":39},"end":{"line":26,"column":3}}},"2":{"name":"(anonymous_4)","decl":{"start":{"line":25,"column":30},"end":{"line":25,"column":31}},"loc":{"start":{"line":25,"column":40},"end":{"line":25,"column":58}}}},"branchMap":{"0":{"loc":{"start":{"line":18,"column":4},"end":{"line":20,"column":5}},"type":"if","locations":[{"start":{"line":18,"column":4},"end":{"line":20,"column":5}},{"start":{},"end":{}}]},"1":{"loc":{"start":{"line":10,"column":33},"end":{"line":10,"column":45}},"type":"cond-expr","locations":[{"start":{"line":10,"column":42},"end":{"line":10,"column":45}},{"start":{"line":10,"column":42},"end":{"line":10,"column":45}}]},"2":{"loc":{"start":{"line":10,"column":33},"end":{"line":10,"column":42}},"type":"binary-expr","locations":[{"start":{"line":10,"column":33},"end":{"line":10,"column":45}},{"start":{"line":10,"column":33},"end":{"line":10,"column":42}}]}},"s":{"0":0,"1":0,"2":0,"3":0,"4":0,"5":0,"6":0,"7":0,"8":0,"9":0,"10":0,"11":0,"12":0},"f":{"0":0,"1":0,"2":0},"b":{"0":[0,0],"1":[0,0],"2":[0,0]}}
,"C:\\xampp\\htdocs\\yoursupermarket\\backend\\src\\auth\\strategies\\jwt-refresh.strategy.ts": {"path":"C:\\xampp\\htdocs\\yoursupermarket\\backend\\src\\auth\\strategies\\jwt-refresh.strategy.ts","statementMap":{"0":{"start":{"line":1,"column":0},"end":{"line":1,"column":67}},"1":{"start":{"line":2,"column":0},"end":{"line":2,"column":52}},"2":{"start":{"line":3,"column":0},"end":{"line":3,"column":52}},"3":{"start":{"line":4,"column":0},"end":{"line":4,"column":60}},"4":{"start":{"line":12,"column":7},"end":{"line":40,"column":null}},"5":{"start":{"line":17,"column":4},"end":{"line":21,"column":7}},"6":{"start":{"line":16,"column":22},"end":{"line":16,"column":30}},"7":{"start":{"line":25,"column":18},"end":{"line":28,"column":6}},"8":{"start":{"line":30,"column":4},"end":{"line":32,"column":5}},"9":{"start":{"line":31,"column":6},"end":{"line":31,"column":74}},"10":{"start":{"line":34,"column":4},"end":{"line":36,"column":5}},"11":{"start":{"line":35,"column":6},"end":{"line":35,"column":58}},"12":{"start":{"line":38,"column":4},"end":{"line":38,"column":22}},"13":{"start":{"line":12,"column":13},"end":{"line":12,"column":31}},"14":{"start":{"line":12,"column":13},"end":{"line":40,"column":null}}},"fnMap":{"0":{"name":"(anonymous_2)","decl":{"start":{"line":16,"column":2},"end":{"line":16,"column":22}},"loc":{"start":{"line":16,"column":43},"end":{"line":22,"column":3}}},"1":{"name":"(anonymous_3)","decl":{"start":{"line":24,"column":2},"end":{"line":24,"column":7}},"loc":{"start":{"line":24,"column":43},"end":{"line":39,"column":3}}}},"branchMap":{"0":{"loc":{"start":{"line":30,"column":4},"end":{"line":32,"column":5}},"type":"if","locations":[{"start":{"line":30,"column":4},"end":{"line":32,"column":5}},{"start":{},"end":{}}]},"1":{"loc":{"start":{"line":30,"column":8},"end":{"line":30,"column":46}},"type":"binary-expr","locations":[{"start":{"line":30,"column":8},"end":{"line":30,"column":14}},{"start":{"line":30,"column":18},"end":{"line":30,"column":46}}]},"2":{"loc":{"start":{"line":34,"column":4},"end":{"line":36,"column":5}},"type":"if","locations":[{"start":{"line":34,"column":4},"end":{"line":36,"column":5}},{"start":{},"end":{}}]},"3":{"loc":{"start":{"line":16,"column":30},"end":{"line":16,"column":null}},"type":"cond-expr","locations":[{"start":{"line":16,"column":43},"end":{"line":16,"column":null}},{"start":{"line":16,"column":43},"end":{"line":16,"column":null}}]},"4":{"loc":{"start":{"line":16,"column":30},"end":{"line":16,"column":43}},"type":"binary-expr","locations":[{"start":{"line":16,"column":30},"end":{"line":16,"column":null}},{"start":{"line":16,"column":30},"end":{"line":16,"column":43}}]}},"s":{"0":0,"1":0,"2":0,"3":0,"4":0,"5":0,"6":0,"7":0,"8":0,"9":0,"10":0,"11":0,"12":0,"13":0,"14":0},"f":{"0":0,"1":0},"b":{"0":[0,0],"1":[0,0],"2":[0,0],"3":[0,0],"4":[0,0]}}
,"C:\\xampp\\htdocs\\yoursupermarket\\backend\\src\\auth\\strategies\\jwt.strategy.ts": {"path":"C:\\xampp\\htdocs\\yoursupermarket\\backend\\src\\auth\\strategies\\jwt.strategy.ts","statementMap":{"0":{"start":{"line":1,"column":0},"end":{"line":1,"column":67}},"1":{"start":{"line":2,"column":0},"end":{"line":2,"column":52}},"2":{"start":{"line":3,"column":0},"end":{"line":3,"column":52}},"3":{"start":{"line":4,"column":0},"end":{"line":4,"column":60}},"4":{"start":{"line":11,"column":7},"end":{"line":40,"column":null}},"5":{"start":{"line":13,"column":4},"end":{"line":17,"column":7}},"6":{"start":{"line":12,"column":22},"end":{"line":12,"column":30}},"7":{"start":{"line":21,"column":17},"end":{"line":32,"column":6}},"8":{"start":{"line":34,"column":4},"end":{"line":36,"column":5}},"9":{"start":{"line":35,"column":6},"end":{"line":35,"column":68}},"10":{"start":{"line":38,"column":4},"end":{"line":38,"column":16}},"11":{"start":{"line":11,"column":13},"end":{"line":11,"column":24}},"12":{"start":{"line":11,"column":13},"end":{"line":40,"column":null}}},"fnMap":{"0":{"name":"(anonymous_2)","decl":{"start":{"line":12,"column":2},"end":{"line":12,"column":22}},"loc":{"start":{"line":12,"column":43},"end":{"line":18,"column":3}}},"1":{"name":"(anonymous_3)","decl":{"start":{"line":20,"column":2},"end":{"line":20,"column":7}},"loc":{"start":{"line":20,"column":36},"end":{"line":39,"column":3}}}},"branchMap":{"0":{"loc":{"start":{"line":34,"column":4},"end":{"line":36,"column":5}},"type":"if","locations":[{"start":{"line":34,"column":4},"end":{"line":36,"column":5}},{"start":{},"end":{}}]},"1":{"loc":{"start":{"line":34,"column":8},"end":{"line":34,"column":31}},"type":"binary-expr","locations":[{"start":{"line":34,"column":8},"end":{"line":34,"column":13}},{"start":{"line":34,"column":17},"end":{"line":34,"column":31}}]},"2":{"loc":{"start":{"line":12,"column":30},"end":{"line":12,"column":null}},"type":"cond-expr","locations":[{"start":{"line":12,"column":43},"end":{"line":12,"column":null}},{"start":{"line":12,"column":43},"end":{"line":12,"column":null}}]},"3":{"loc":{"start":{"line":12,"column":30},"end":{"line":12,"column":43}},"type":"binary-expr","locations":[{"start":{"line":12,"column":30},"end":{"line":12,"column":null}},{"start":{"line":12,"column":30},"end":{"line":12,"column":43}}]}},"s":{"0":0,"1":0,"2":0,"3":0,"4":0,"5":0,"6":0,"7":0,"8":0,"9":0,"10":0,"11":0,"12":0},"f":{"0":0,"1":0},"b":{"0":[0,0],"1":[0,0],"2":[0,0],"3":[0,0]}}
,"C:\\xampp\\htdocs\\yoursupermarket\\backend\\src\\cart\\cart.controller.ts": {"path":"C:\\xampp\\htdocs\\yoursupermarket\\backend\\src\\cart\\cart.controller.ts","statementMap":{"0":{"start":{"line":1,"column":0},"end":{"line":1,"column":null}},"1":{"start":{"line":11,"column":0},"end":{"line":11,"column":45}},"2":{"start":{"line":12,"column":0},"end":{"line":12,"column":61}},"3":{"start":{"line":13,"column":0},"end":{"line":13,"column":72}},"4":{"start":{"line":15,"column":0},"end":{"line":15,"column":53}},"5":{"start":{"line":16,"column":0},"end":{"line":16,"column":63}},"6":{"start":{"line":20,"column":7},"end":{"line":57,"column":null}},"7":{"start":{"line":21,"column":31},"end":{"line":21,"column":44}},"8":{"start":{"line":25,"column":4},"end":{"line":25,"column":45}},"9":{"start":{"line":33,"column":4},"end":{"line":33,"column":61}},"10":{"start":{"line":42,"column":4},"end":{"line":42,"column":79}},"11":{"start":{"line":50,"column":4},"end":{"line":50,"column":60}},"12":{"start":{"line":55,"column":4},"end":{"line":55,"column":47}},"13":{"start":{"line":20,"column":13},"end":{"line":20,"column":27}},"14":{"start":{"line":24,"column":2},"end":{"line":26,"column":null}},"15":{"start":{"line":29,"column":2},"end":{"line":34,"column":null}},"16":{"start":{"line":37,"column":2},"end":{"line":43,"column":null}},"17":{"start":{"line":46,"column":2},"end":{"line":51,"column":null}},"18":{"start":{"line":54,"column":2},"end":{"line":56,"column":null}},"19":{"start":{"line":20,"column":13},"end":{"line":57,"column":null}}},"fnMap":{"0":{"name":"(anonymous_4)","decl":{"start":{"line":21,"column":2},"end":{"line":21,"column":31}},"loc":{"start":{"line":21,"column":55},"end":{"line":21,"column":59}}},"1":{"name":"(anonymous_5)","decl":{"start":{"line":24,"column":2},"end":{"line":24,"column":9}},"loc":{"start":{"line":24,"column":49},"end":{"line":26,"column":3}}},"2":{"name":"(anonymous_6)","decl":{"start":{"line":29,"column":2},"end":{"line":29,"column":11}},"loc":{"start":{"line":31,"column":38},"end":{"line":34,"column":3}}},"3":{"name":"(anonymous_7)","decl":{"start":{"line":37,"column":2},"end":{"line":37,"column":16}},"loc":{"start":{"line":40,"column":48},"end":{"line":43,"column":3}}},"4":{"name":"(anonymous_8)","decl":{"start":{"line":46,"column":2},"end":{"line":46,"column":16}},"loc":{"start":{"line":48,"column":31},"end":{"line":51,"column":3}}},"5":{"name":"(anonymous_9)","decl":{"start":{"line":54,"column":2},"end":{"line":54,"column":11}},"loc":{"start":{"line":54,"column":51},"end":{"line":56,"column":3}}}},"branchMap":{"0":{"loc":{"start":{"line":31,"column":26},"end":{"line":31,"column":null}},"type":"cond-expr","locations":[{"start":{"line":31,"column":38},"end":{"line":31,"column":null}},{"start":{"line":31,"column":38},"end":{"line":31,"column":null}}]},"1":{"loc":{"start":{"line":31,"column":26},"end":{"line":31,"column":38}},"type":"binary-expr","locations":[{"start":{"line":31,"column":26},"end":{"line":31,"column":null}},{"start":{"line":31,"column":26},"end":{"line":31,"column":38}}]},"2":{"loc":{"start":{"line":40,"column":31},"end":{"line":40,"column":null}},"type":"cond-expr","locations":[{"start":{"line":40,"column":48},"end":{"line":40,"column":null}},{"start":{"line":40,"column":48},"end":{"line":40,"column":null}}]},"3":{"loc":{"start":{"line":40,"column":31},"end":{"line":40,"column":48}},"type":"binary-expr","locations":[{"start":{"line":40,"column":31},"end":{"line":40,"column":null}},{"start":{"line":40,"column":31},"end":{"line":40,"column":48}}]},"4":{"loc":{"start":{"line":21,"column":44},"end":{"line":21,"column":58}},"type":"cond-expr","locations":[{"start":{"line":21,"column":55},"end":{"line":21,"column":58}},{"start":{"line":21,"column":55},"end":{"line":21,"column":58}}]},"5":{"loc":{"start":{"line":21,"column":44},"end":{"line":21,"column":55}},"type":"binary-expr","locations":[{"start":{"line":21,"column":44},"end":{"line":21,"column":58}},{"start":{"line":21,"column":44},"end":{"line":21,"column":55}}]}},"s":{"0":0,"1":0,"2":0,"3":0,"4":0,"5":0,"6":0,"7":0,"8":0,"9":0,"10":0,"11":0,"12":0,"13":0,"14":0,"15":0,"16":0,"17":0,"18":0,"19":0},"f":{"0":0,"1":0,"2":0,"3":0,"4":0,"5":0},"b":{"0":[0,0],"1":[0,0],"2":[0,0],"3":[0,0],"4":[0,0],"5":[0,0]}}
,"C:\\xampp\\htdocs\\yoursupermarket\\backend\\src\\cart\\cart.module.ts": {"path":"C:\\xampp\\htdocs\\yoursupermarket\\backend\\src\\cart\\cart.module.ts","statementMap":{"0":{"start":{"line":1,"column":0},"end":{"line":1,"column":40}},"1":{"start":{"line":2,"column":0},"end":{"line":2,"column":45}},"2":{"start":{"line":3,"column":0},"end":{"line":3,"column":51}},"3":{"start":{"line":4,"column":0},"end":{"line":4,"column":57}},"4":{"start":{"line":5,"column":0},"end":{"line":5,"column":72}},"5":{"start":{"line":6,"column":0},"end":{"line":6,"column":76}},"6":{"start":{"line":7,"column":0},"end":{"line":7,"column":76}},"7":{"start":{"line":20,"column":7},"end":{"line":20,"column":null}},"8":{"start":{"line":20,"column":13},"end":{"line":20,"column":23}},"9":{"start":{"line":20,"column":13},"end":{"line":20,"column":null}}},"fnMap":{},"branchMap":{},"s":{"0":0,"1":0,"2":0,"3":0,"4":0,"5":0,"6":0,"7":0,"8":0,"9":0},"f":{},"b":{}}
,"C:\\xampp\\htdocs\\yoursupermarket\\backend\\src\\cart\\cart.service.ts": {"path":"C:\\xampp\\htdocs\\yoursupermarket\\backend\\src\\cart\\cart.service.ts","statementMap":{"0":{"start":{"line":1,"column":0},"end":{"line":1,"column":null}},"1":{"start":{"line":6,"column":0},"end":{"line":6,"column":57}},"2":{"start":{"line":9,"column":0},"end":{"line":9,"column":72}},"3":{"start":{"line":10,"column":0},"end":{"line":10,"column":76}},"4":{"start":{"line":11,"column":0},"end":{"line":11,"column":76}},"5":{"start":{"line":12,"column":0},"end":{"line":12,"column":58}},"6":{"start":{"line":15,"column":7},"end":{"line":244,"column":null}},"7":{"start":{"line":17,"column":12},"end":{"line":17,"column":20}},"8":{"start":{"line":18,"column":12},"end":{"line":18,"column":34}},"9":{"start":{"line":19,"column":12},"end":{"line":19,"column":36}},"10":{"start":{"line":20,"column":12},"end":{"line":20,"column":36}},"11":{"start":{"line":24,"column":17},"end":{"line":24,"column":51}},"12":{"start":{"line":27,"column":23},"end":{"line":34,"column":6}},"13":{"start":{"line":28,"column":22},"end":{"line":28,"column":34}},"14":{"start":{"line":29,"column":6},"end":{"line":33,"column":8}},"15":{"start":{"line":36,"column":4},"end":{"line":39,"column":6}},"16":{"start":{"line":43,"column":15},"end":{"line":57,"column":6}},"17":{"start":{"line":60,"column":4},"end":{"line":78,"column":5}},"18":{"start":{"line":61,"column":6},"end":{"line":77,"column":9}},"19":{"start":{"line":80,"column":4},"end":{"line":80,"column":16}},"20":{"start":{"line":84,"column":36},"end":{"line":84,"column":48}},"21":{"start":{"line":87,"column":20},"end":{"line":88,"column":null}},"22":{"start":{"line":90,"column":33},"end":{"line":93,"column":6}},"23":{"start":{"line":96,"column":4},"end":{"line":100,"column":6}},"24":{"start":{"line":103,"column":17},"end":{"line":103,"column":51}},"25":{"start":{"line":106,"column":25},"end":{"line":113,"column":6}},"26":{"start":{"line":115,"column":4},"end":{"line":136,"column":5}},"27":{"start":{"line":117,"column":26},"end":{"line":117,"column":58}},"28":{"start":{"line":118,"column":6},"end":{"line":122,"column":8}},"29":{"start":{"line":124,"column":6},"end":{"line":135,"column":9}},"30":{"start":{"line":139,"column":4},"end":{"line":153,"column":7}},"31":{"start":{"line":161,"column":25},"end":{"line":161,"column":42}},"32":{"start":{"line":164,"column":21},"end":{"line":172,"column":6}},"33":{"start":{"line":174,"column":4},"end":{"line":176,"column":5}},"34":{"start":{"line":175,"column":6},"end":{"line":175,"column":70}},"35":{"start":{"line":178,"column":4},"end":{"line":182,"column":6}},"36":{"start":{"line":185,"column":4},"end":{"line":189,"column":6}},"37":{"start":{"line":191,"column":4},"end":{"line":202,"column":7}},"38":{"start":{"line":207,"column":21},"end":{"line":210,"column":6}},"39":{"start":{"line":212,"column":4},"end":{"line":214,"column":5}},"40":{"start":{"line":213,"column":6},"end":{"line":213,"column":70}},"41":{"start":{"line":216,"column":4},"end":{"line":220,"column":6}},"42":{"start":{"line":222,"column":4},"end":{"line":224,"column":7}},"43":{"start":{"line":226,"column":4},"end":{"line":226,"column":49}},"44":{"start":{"line":230,"column":17},"end":{"line":232,"column":6}},"45":{"start":{"line":234,"column":4},"end":{"line":236,"column":5}},"46":{"start":{"line":235,"column":6},"end":{"line":235,"column":50}},"47":{"start":{"line":238,"column":4},"end":{"line":240,"column":7}},"48":{"start":{"line":242,"column":4},"end":{"line":242,"column":39}},"49":{"start":{"line":15,"column":13},"end":{"line":15,"column":24}},"50":{"start":{"line":15,"column":13},"end":{"line":244,"column":null}}},"fnMap":{"0":{"name":"(anonymous_2)","decl":{"start":{"line":16,"column":2},"end":{"line":16,"column":null}},"loc":{"start":{"line":20,"column":58},"end":{"line":21,"column":6}}},"1":{"name":"(anonymous_3)","decl":{"start":{"line":23,"column":2},"end":{"line":23,"column":7}},"loc":{"start":{"line":23,"column":30},"end":{"line":40,"column":3}}},"2":{"name":"(anonymous_4)","decl":{"start":{"line":27,"column":41},"end":{"line":27,"column":42}},"loc":{"start":{"line":27,"column":50},"end":{"line":34,"column":5}}},"3":{"name":"(anonymous_5)","decl":{"start":{"line":42,"column":10},"end":{"line":42,"column":15}},"loc":{"start":{"line":42,"column":46},"end":{"line":81,"column":3}}},"4":{"name":"(anonymous_6)","decl":{"start":{"line":83,"column":2},"end":{"line":83,"column":7}},"loc":{"start":{"line":83,"column":60},"end":{"line":154,"column":3}}},"5":{"name":"(anonymous_7)","decl":{"start":{"line":156,"column":2},"end":{"line":156,"column":7}},"loc":{"start":{"line":159,"column":40},"end":{"line":203,"column":3}}},"6":{"name":"(anonymous_8)","decl":{"start":{"line":205,"column":2},"end":{"line":205,"column":7}},"loc":{"start":{"line":205,"column":53},"end":{"line":227,"column":3}}},"7":{"name":"(anonymous_9)","decl":{"start":{"line":229,"column":2},"end":{"line":229,"column":7}},"loc":{"start":{"line":229,"column":32},"end":{"line":243,"column":3}}}},"branchMap":{"0":{"loc":{"start":{"line":30,"column":8},"end":{"line":32,"column":23}},"type":"binary-expr","locations":[{"start":{"line":30,"column":8},"end":{"line":30,"column":24}},{"start":{"line":31,"column":8},"end":{"line":32,"column":23}}]},"1":{"loc":{"start":{"line":60,"column":4},"end":{"line":78,"column":5}},"type":"if","locations":[{"start":{"line":60,"column":4},"end":{"line":78,"column":5}},{"start":{},"end":{}}]},"2":{"loc":{"start":{"line":115,"column":4},"end":{"line":136,"column":5}},"type":"if","locations":[{"start":{"line":115,"column":4},"end":{"line":136,"column":5}},{"start":{},"end":{}}]},"3":{"loc":{"start":{"line":174,"column":4},"end":{"line":176,"column":5}},"type":"if","locations":[{"start":{"line":174,"column":4},"end":{"line":176,"column":5}},{"start":{},"end":{}}]},"4":{"loc":{"start":{"line":212,"column":4},"end":{"line":214,"column":5}},"type":"if","locations":[{"start":{"line":212,"column":4},"end":{"line":214,"column":5}},{"start":{},"end":{}}]},"5":{"loc":{"start":{"line":234,"column":4},"end":{"line":236,"column":5}},"type":"if","locations":[{"start":{"line":234,"column":4},"end":{"line":236,"column":5}},{"start":{},"end":{}}]},"6":{"loc":{"start":{"line":17,"column":20},"end":{"line":17,"column":null}},"type":"cond-expr","locations":[{"start":{"line":17,"column":33},"end":{"line":17,"column":null}},{"start":{"line":17,"column":33},"end":{"line":17,"column":null}}]},"7":{"loc":{"start":{"line":17,"column":20},"end":{"line":17,"column":33}},"type":"binary-expr","locations":[{"start":{"line":17,"column":20},"end":{"line":17,"column":null}},{"start":{"line":17,"column":20},"end":{"line":17,"column":33}}]},"8":{"loc":{"start":{"line":17,"column":33},"end":{"line":18,"column":null}},"type":"cond-expr","locations":[{"start":{"line":18,"column":54},"end":{"line":18,"column":null}},{"start":{"line":18,"column":54},"end":{"line":18,"column":null}}]},"9":{"loc":{"start":{"line":17,"column":33},"end":{"line":18,"column":54}},"type":"binary-expr","locations":[{"start":{"line":17,"column":33},"end":{"line":18,"column":null}},{"start":{"line":18,"column":34},"end":{"line":18,"column":54}}]},"10":{"loc":{"start":{"line":18,"column":54},"end":{"line":19,"column":null}},"type":"cond-expr","locations":[{"start":{"line":19,"column":58},"end":{"line":19,"column":null}},{"start":{"line":19,"column":58},"end":{"line":19,"column":null}}]},"11":{"loc":{"start":{"line":18,"column":54},"end":{"line":19,"column":58}},"type":"binary-expr","locations":[{"start":{"line":18,"column":54},"end":{"line":19,"column":null}},{"start":{"line":19,"column":36},"end":{"line":19,"column":58}}]},"12":{"loc":{"start":{"line":19,"column":58},"end":{"line":20,"column":null}},"type":"cond-expr","locations":[{"start":{"line":20,"column":58},"end":{"line":20,"column":null}},{"start":{"line":20,"column":58},"end":{"line":20,"column":null}}]},"13":{"loc":{"start":{"line":19,"column":58},"end":{"line":20,"column":58}},"type":"binary-expr","locations":[{"start":{"line":19,"column":58},"end":{"line":20,"column":null}},{"start":{"line":20,"column":36},"end":{"line":20,"column":58}}]}},"s":{"0":1,"1":1,"2":1,"3":1,"4":1,"5":1,"6":1,"7":8,"8":8,"9":8,"10":8,"11":1,"12":1,"13":1,"14":1,"15":1,"16":3,"17":3,"18":0,"19":3,"20":2,"21":2,"22":2,"23":2,"24":2,"25":2,"26":2,"27":0,"28":0,"29":0,"30":2,"31":4,"32":4,"33":4,"34":2,"35":2,"36":2,"37":2,"38":3,"39":3,"40":2,"41":1,"42":1,"43":1,"44":0,"45":0,"46":0,"47":0,"48":0,"49":1,"50":1},"f":{"0":8,"1":1,"2":1,"3":3,"4":2,"5":4,"6":3,"7":0},"b":{"0":[1,1],"1":[0,3],"2":[0,2],"3":[2,2],"4":[2,1],"5":[0,0],"6":[1,0],"7":[1,1],"8":[1,0],"9":[1,1],"10":[1,0],"11":[1,1],"12":[1,0],"13":[1,1]}}
,"C:\\xampp\\htdocs\\yoursupermarket\\backend\\src\\cart\\dto\\add-to-cart.dto.ts": {"path":"C:\\xampp\\htdocs\\yoursupermarket\\backend\\src\\cart\\dto\\add-to-cart.dto.ts","statementMap":{"0":{"start":{"line":1,"column":0},"end":{"line":1,"column":70}},"1":{"start":{"line":2,"column":0},"end":{"line":2,"column":41}},"2":{"start":{"line":4,"column":0},"end":{"line":4,"column":13}},"3":{"start":{"line":7,"column":2},"end":{"line":7,"column":null}},"4":{"start":{"line":12,"column":2},"end":{"line":12,"column":null}},"5":{"start":{"line":10,"column":14},"end":{"line":10,"column":20}}},"fnMap":{"0":{"name":"(anonymous_2)","decl":{"start":{"line":10,"column":8},"end":{"line":10,"column":11}},"loc":{"start":{"line":10,"column":14},"end":{"line":10,"column":20}}}},"branchMap":{},"s":{"0":0,"1":0,"2":0,"3":0,"4":0,"5":0},"f":{"0":0},"b":{}}
,"C:\\xampp\\htdocs\\yoursupermarket\\backend\\src\\cart\\dto\\update-cart-item.dto.ts": {"path":"C:\\xampp\\htdocs\\yoursupermarket\\backend\\src\\cart\\dto\\update-cart-item.dto.ts","statementMap":{"0":{"start":{"line":1,"column":0},"end":{"line":1,"column":48}},"1":{"start":{"line":2,"column":0},"end":{"line":2,"column":41}},"2":{"start":{"line":4,"column":0},"end":{"line":4,"column":13}},"3":{"start":{"line":8,"column":2},"end":{"line":8,"column":null}},"4":{"start":{"line":6,"column":14},"end":{"line":6,"column":20}}},"fnMap":{"0":{"name":"(anonymous_2)","decl":{"start":{"line":6,"column":8},"end":{"line":6,"column":11}},"loc":{"start":{"line":6,"column":14},"end":{"line":6,"column":20}}}},"branchMap":{},"s":{"0":0,"1":0,"2":0,"3":0,"4":0},"f":{"0":0},"b":{}}
,"C:\\xampp\\htdocs\\yoursupermarket\\backend\\src\\categories\\categories.controller.ts": {"path":"C:\\xampp\\htdocs\\yoursupermarket\\backend\\src\\categories\\categories.controller.ts","statementMap":{"0":{"start":{"line":1,"column":0},"end":{"line":1,"column":null}},"1":{"start":{"line":12,"column":0},"end":{"line":12,"column":57}},"2":{"start":{"line":13,"column":0},"end":{"line":13,"column":62}},"3":{"start":{"line":14,"column":0},"end":{"line":14,"column":62}},"4":{"start":{"line":15,"column":0},"end":{"line":15,"column":61}},"5":{"start":{"line":16,"column":0},"end":{"line":16,"column":56}},"6":{"start":{"line":17,"column":0},"end":{"line":17,"column":59}},"7":{"start":{"line":18,"column":0},"end":{"line":18,"column":42}},"8":{"start":{"line":19,"column":0},"end":{"line":19,"column":60}},"9":{"start":{"line":22,"column":7},"end":{"line":63,"column":null}},"10":{"start":{"line":23,"column":31},"end":{"line":23,"column":50}},"11":{"start":{"line":29,"column":4},"end":{"line":29,"column":60}},"12":{"start":{"line":34,"column":4},"end":{"line":34,"column":65}},"13":{"start":{"line":39,"column":4},"end":{"line":39,"column":51}},"14":{"start":{"line":44,"column":4},"end":{"line":44,"column":46}},"15":{"start":{"line":54,"column":4},"end":{"line":54,"column":64}},"16":{"start":{"line":61,"column":4},"end":{"line":61,"column":45}},"17":{"start":{"line":22,"column":13},"end":{"line":22,"column":33}},"18":{"start":{"line":28,"column":2},"end":{"line":30,"column":null}},"19":{"start":{"line":33,"column":2},"end":{"line":35,"column":null}},"20":{"start":{"line":38,"column":2},"end":{"line":40,"column":null}},"21":{"start":{"line":43,"column":2},"end":{"line":45,"column":null}},"22":{"start":{"line":50,"column":2},"end":{"line":55,"column":null}},"23":{"start":{"line":60,"column":2},"end":{"line":62,"column":null}},"24":{"start":{"line":22,"column":13},"end":{"line":63,"column":null}}},"fnMap":{"0":{"name":"(anonymous_4)","decl":{"start":{"line":23,"column":2},"end":{"line":23,"column":31}},"loc":{"start":{"line":23,"column":67},"end":{"line":23,"column":71}}},"1":{"name":"(anonymous_5)","decl":{"start":{"line":28,"column":2},"end":{"line":28,"column":8}},"loc":{"start":{"line":28,"column":53},"end":{"line":30,"column":3}}},"2":{"name":"(anonymous_6)","decl":{"start":{"line":33,"column":2},"end":{"line":33,"column":9}},"loc":{"start":{"line":33,"column":42},"end":{"line":35,"column":3}}},"3":{"name":"(anonymous_7)","decl":{"start":{"line":38,"column":2},"end":{"line":38,"column":12}},"loc":{"start":{"line":38,"column":40},"end":{"line":40,"column":3}}},"4":{"name":"(anonymous_8)","decl":{"start":{"line":43,"column":2},"end":{"line":43,"column":9}},"loc":{"start":{"line":43,"column":33},"end":{"line":45,"column":3}}},"5":{"name":"(anonymous_9)","decl":{"start":{"line":50,"column":2},"end":{"line":50,"column":8}},"loc":{"start":{"line":52,"column":48},"end":{"line":55,"column":3}}},"6":{"name":"(anonymous_10)","decl":{"start":{"line":60,"column":2},"end":{"line":60,"column":8}},"loc":{"start":{"line":60,"column":32},"end":{"line":62,"column":3}}}},"branchMap":{"0":{"loc":{"start":{"line":28,"column":36},"end":{"line":28,"column":null}},"type":"cond-expr","locations":[{"start":{"line":28,"column":53},"end":{"line":28,"column":null}},{"start":{"line":28,"column":53},"end":{"line":28,"column":null}}]},"1":{"loc":{"start":{"line":28,"column":36},"end":{"line":28,"column":53}},"type":"binary-expr","locations":[{"start":{"line":28,"column":36},"end":{"line":28,"column":null}},{"start":{"line":28,"column":36},"end":{"line":28,"column":53}}]},"2":{"loc":{"start":{"line":33,"column":26},"end":{"line":33,"column":null}},"type":"cond-expr","locations":[{"start":{"line":33,"column":42},"end":{"line":33,"column":null}},{"start":{"line":33,"column":42},"end":{"line":33,"column":null}}]},"3":{"loc":{"start":{"line":33,"column":26},"end":{"line":33,"column":42}},"type":"binary-expr","locations":[{"start":{"line":33,"column":26},"end":{"line":33,"column":null}},{"start":{"line":33,"column":26},"end":{"line":33,"column":42}}]},"4":{"loc":{"start":{"line":52,"column":31},"end":{"line":52,"column":null}},"type":"cond-expr","locations":[{"start":{"line":52,"column":48},"end":{"line":52,"column":null}},{"start":{"line":52,"column":48},"end":{"line":52,"column":null}}]},"5":{"loc":{"start":{"line":52,"column":31},"end":{"line":52,"column":48}},"type":"binary-expr","locations":[{"start":{"line":52,"column":31},"end":{"line":52,"column":null}},{"start":{"line":52,"column":31},"end":{"line":52,"column":48}}]},"6":{"loc":{"start":{"line":23,"column":50},"end":{"line":23,"column":70}},"type":"cond-expr","locations":[{"start":{"line":23,"column":67},"end":{"line":23,"column":70}},{"start":{"line":23,"column":67},"end":{"line":23,"column":70}}]},"7":{"loc":{"start":{"line":23,"column":50},"end":{"line":23,"column":67}},"type":"binary-expr","locations":[{"start":{"line":23,"column":50},"end":{"line":23,"column":70}},{"start":{"line":23,"column":50},"end":{"line":23,"column":67}}]}},"s":{"0":0,"1":0,"2":0,"3":0,"4":0,"5":0,"6":0,"7":0,"8":0,"9":0,"10":0,"11":0,"12":0,"13":0,"14":0,"15":0,"16":0,"17":0,"18":0,"19":0,"20":0,"21":0,"22":0,"23":0,"24":0},"f":{"0":0,"1":0,"2":0,"3":0,"4":0,"5":0,"6":0},"b":{"0":[0,0],"1":[0,0],"2":[0,0],"3":[0,0],"4":[0,0],"5":[0,0],"6":[0,0],"7":[0,0]}}
,"C:\\xampp\\htdocs\\yoursupermarket\\backend\\src\\categories\\categories.module.ts": {"path":"C:\\xampp\\htdocs\\yoursupermarket\\backend\\src\\categories\\categories.module.ts","statementMap":{"0":{"start":{"line":1,"column":0},"end":{"line":1,"column":40}},"1":{"start":{"line":2,"column":0},"end":{"line":2,"column":57}},"2":{"start":{"line":3,"column":0},"end":{"line":3,"column":63}},"3":{"start":{"line":4,"column":0},"end":{"line":4,"column":57}},"4":{"start":{"line":5,"column":0},"end":{"line":5,"column":53}},"5":{"start":{"line":12,"column":7},"end":{"line":12,"column":null}},"6":{"start":{"line":12,"column":13},"end":{"line":12,"column":29}},"7":{"start":{"line":12,"column":13},"end":{"line":12,"column":null}}},"fnMap":{},"branchMap":{},"s":{"0":0,"1":0,"2":0,"3":0,"4":0,"5":0,"6":0,"7":0},"f":{},"b":{}}
,"C:\\xampp\\htdocs\\yoursupermarket\\backend\\src\\categories\\categories.service.ts": {"path":"C:\\xampp\\htdocs\\yoursupermarket\\backend\\src\\categories\\categories.service.ts","statementMap":{"0":{"start":{"line":1,"column":0},"end":{"line":1,"column":63}},"1":{"start":{"line":2,"column":0},"end":{"line":2,"column":57}},"2":{"start":{"line":5,"column":0},"end":{"line":5,"column":53}},"3":{"start":{"line":6,"column":0},"end":{"line":6,"column":58}},"4":{"start":{"line":9,"column":7},"end":{"line":148,"column":null}},"5":{"start":{"line":11,"column":12},"end":{"line":11,"column":20}},"6":{"start":{"line":12,"column":12},"end":{"line":12,"column":25}},"7":{"start":{"line":16,"column":23},"end":{"line":18,"column":null}},"8":{"start":{"line":21,"column":4},"end":{"line":33,"column":7}},"9":{"start":{"line":37,"column":4},"end":{"line":47,"column":7}},"10":{"start":{"line":51,"column":21},"end":{"line":64,"column":6}},"11":{"start":{"line":66,"column":4},"end":{"line":68,"column":5}},"12":{"start":{"line":67,"column":6},"end":{"line":67,"column":69}},"13":{"start":{"line":70,"column":4},"end":{"line":70,"column":20}},"14":{"start":{"line":74,"column":21},"end":{"line":83,"column":6}},"15":{"start":{"line":85,"column":4},"end":{"line":87,"column":5}},"16":{"start":{"line":86,"column":6},"end":{"line":86,"column":69}},"17":{"start":{"line":89,"column":4},"end":{"line":89,"column":20}},"18":{"start":{"line":93,"column":21},"end":{"line":95,"column":6}},"19":{"start":{"line":97,"column":4},"end":{"line":99,"column":5}},"20":{"start":{"line":98,"column":6},"end":{"line":98,"column":69}},"21":{"start":{"line":101,"column":65},"end":{"line":103,"column":6}},"22":{"start":{"line":106,"column":4},"end":{"line":112,"column":5}},"23":{"start":{"line":107,"column":6},"end":{"line":111,"column":8}},"24":{"start":{"line":114,"column":4},"end":{"line":121,"column":7}},"25":{"start":{"line":125,"column":21},"end":{"line":127,"column":6}},"26":{"start":{"line":129,"column":4},"end":{"line":131,"column":5}},"27":{"start":{"line":130,"column":6},"end":{"line":130,"column":69}},"28":{"start":{"line":134,"column":25},"end":{"line":136,"column":6}},"29":{"start":{"line":138,"column":4},
[...]
"line":110,"column":null}},"7":{"start":{"line":11,"column":12},"end":{"line":11,"column":20}},"8":{"start":{"line":12,"column":12},"end":{"line":12,"column":31}},"9":{"start":{"line":22,"column":25},"end":{"line":30,"column":6}},"10":{"start":{"line":32,"column":4},"end":{"line":36,"column":5}},"11":{"start":{"line":33,"column":6},"end":{"line":35,"column":8}},"12":{"start":{"line":39,"column":27},"end":{"line":46,"column":6}},"13":{"start":{"line":48,"column":4},"end":{"line":50,"column":5}},"14":{"start":{"line":49,"column":6},"end":{"line":49,"column":74}},"15":{"start":{"line":52,"column":4},"end":{"line":65,"column":7}},"16":{"start":{"line":69,"column":17},"end":{"line":69,"column":66}},"17":{"start":{"line":71,"column":29},"end":{"line":92,"column":6}},"18":{"start":{"line":94,"column":4},"end":{"line":101,"column":6}},"19":{"start":{"line":105,"column":4},"end":{"line":108,"column":7}},"20":{"start":{"line":9,"column":13},"end":{"line":9,"column":27}},"21":{"start":{"line":9,"column":13},"end":{"line":110,"column":null}}},"fnMap":{"0":{"name":"(anonymous_2)","decl":{"start":{"line":10,"column":2},"end":{"line":10,"column":null}},"loc":{"start":{"line":12,"column":48},"end":{"line":13,"column":6}}},"1":{"name":"(anonymous_3)","decl":{"start":{"line":15,"column":2},"end":{"line":15,"column":7}},"loc":{"start":{"line":19,"column":20},"end":{"line":66,"column":3}}},"2":{"name":"(anonymous_4)","decl":{"start":{"line":68,"column":2},"end":{"line":68,"column":7}},"loc":{"start":{"line":68,"column":77},"end":{"line":102,"column":3}}},"3":{"name":"(anonymous_5)","decl":{"start":{"line":104,"column":2},"end":{"line":104,"column":7}},"loc":{"start":{"line":104,"column":38},"end":{"line":109,"column":3}}}},"branchMap":{"0":{"loc":{"start":{"line":32,"column":4},"end":{"line":36,"column":5}},"type":"if","locations":[{"start":{"line":32,"column":4},"end":{"line":36,"column":5}},{"start":{},"end":{}}]},"1":{"loc":{"start":{"line":48,"column":4},"end":{"line":50,"column":5}},"type":"if","locations":[{"start":{"line":48,"column":4},"end":{"line":50,"column":5}},{"start":{},"end":{}}]},"2":{"loc":{"start":{"line":68,"column":41},"end":{"line":68,"column":57}},"type":"default-arg","locations":[{"start":{"line":68,"column":56},"end":{"line":68,"column":57}}]},"3":{"loc":{"start":{"line":68,"column":59},"end":{"line":68,"column":77}},"type":"default-arg","locations":[{"start":{"line":68,"column":75},"end":{"line":68,"column":77}}]},"4":{"loc":{"start":{"line":11,"column":20},"end":{"line":11,"column":null}},"type":"cond-expr","locations":[{"start":{"line":11,"column":33},"end":{"line":11,"column":null}},{"start":{"line":11,"column":33},"end":{"line":11,"column":null}}]},"5":{"loc":{"start":{"line":11,"column":20},"end":{"line":11,"column":33}},"type":"binary-expr","locations":[{"start":{"line":11,"column":20},"end":{"line":11,"column":null}},{"start":{"line":11,"column":20},"end":{"line":11,"column":33}}]},"6":{"loc":{"start":{"line":11,"column":33},"end":{"line":12,"column":null}},"type":"cond-expr","locations":[{"start":{"line":12,"column":48},"end":{"line":12,"column":null}},{"start":{"line":12,"column":48},"end":{"line":12,"column":null}}]},"7":{"loc":{"start":{"line":11,"column":33},"end":{"line":12,"column":48}},"type":"binary-expr","locations":[{"start":{"line":11,"column":33},"end":{"line":12,"column":null}},{"start":{"line":12,"column":31},"end":{"line":12,"column":48}}]}},"s":{"0":1,"1":1,"2":1,"3":1,"4":1,"5":1,"6":1,"7":4,"8":4,"9":3,"10":3,"11":2,"12":1,"13":1,"14":0,"15":1,"16":2,"17":2,"18":2,"19":0,"20":1,"21":1},"f":{"0":4,"1":3,"2":2,"3":0},"b":{"0":[2,1],"1":[0,1],"2":[0],"3":[0],"4":[1,0],"5":[1,1],"6":[1,0],"7":[1,1]}}
,"C:\\xampp\\htdocs\\yoursupermarket\\backend\\src\\reviews\\dto\\create-review.dto.ts": {"path":"C:\\xampp\\htdocs\\yoursupermarket\\backend\\src\\reviews\\dto\\create-review.dto.ts","statementMap":{"0":{"start":{"line":1,"column":0},"end":{"line":1,"column":75}},"1":{"start":{"line":2,"column":0},"end":{"line":2,"column":41}},"2":{"start":{"line":4,"column":0},"end":{"line":4,"column":13}},"3":{"start":{"line":9,"column":2},"end":{"line":9,"column":null}},"4":{"start":{"line":6,"column":14},"end":{"line":6,"column":20}},"5":{"start":{"line":13,"column":2},"end":{"line":13,"column":null}}},"fnMap":{"0":{"name":"(anonymous_2)","decl":{"start":{"line":6,"column":8},"end":{"line":6,"column":11}},"loc":{"start":{"line":6,"column":14},"end":{"line":6,"column":20}}}},"branchMap":{},"s":{"0":0,"1":0,"2":0,"3":0,"4":0,"5":0},"f":{"0":0},"b":{}}
,"C:\\xampp\\htdocs\\yoursupermarket\\backend\\src\\users\\users.controller.ts": {"path":"C:\\xampp\\htdocs\\yoursupermarket\\backend\\src\\users\\users.controller.ts","statementMap":{"0":{"start":{"line":1,"column":0},"end":{"line":1,"column":null}},"1":{"start":{"line":11,"column":0},"end":{"line":11,"column":47}},"2":{"start":{"line":12,"column":0},"end":{"line":12,"column":61}},"3":{"start":{"line":13,"column":0},"end":{"line":13,"column":72}},"4":{"start":{"line":15,"column":0},"end":{"line":15,"column":60}},"5":{"start":{"line":16,"column":0},"end":{"line":16,"column":60}},"6":{"start":{"line":17,"column":0},"end":{"line":17,"column":60}},"7":{"start":{"line":21,"column":7},"end":{"line":70,"column":null}},"8":{"start":{"line":22,"column":31},"end":{"line":22,"column":45}},"9":{"start":{"line":26,"column":4},"end":{"line":26,"column":49}},"10":{"start":{"line":34,"column":4},"end":{"line":34,"column":70}},"11":{"start":{"line":39,"column":4},"end":{"line":39,"column":51}},"12":{"start":{"line":47,"column":4},"end":{"line":47,"column":70}},"13":{"start":{"line":56,"column":4},"end":{"line":60,"column":6}},"14":{"start":{"line":68,"column":4},"end":{"line":68,"column":63}},"15":{"start":{"line":21,"column":13},"end":{"line":21,"column":28}},"16":{"start":{"line":25,"column":2},"end":{"line":27,"column":null}},"17":{"start":{"line":30,"column":2},"end":{"line":35,"column":null}},"18":{"start":{"line":38,"column":2},"end":{"line":40,"column":null}},"19":{"start":{"line":43,"column":2},"end":{"line":48,"column":null}},"20":{"start":{"line":51,"column":2},"end":{"line":61,"column":null}},"21":{"start":{"line":64,"column":2},"end":{"line":69,"column":null}},"22":{"start":{"line":21,"column":13},"end":{"line":70,"column":null}}},"fnMap":{"0":{"name":"(anonymous_4)","decl":{"start":{"line":22,"column":2},"end":{"line":22,"column":31}},"loc":{"start":{"line":22,"column":57},"end":{"line":22,"column":61}}},"1":{"name":"(anonymous_5)","decl":{"start":{"line":25,"column":2},"end":{"line":25,"column":12}},"loc":{"start":{"line":25,"column":52},"end":{"line":27,"column":3}}},"2":{"name":"(anonymous_6)","decl":{"start":{"line":30,"column":2},"end":{"line":30,"column":15}},"loc":{"start":{"line":32,"column":46},"end":{"line":35,"column":3}}},"3":{"name":"(anonymous_7)","decl":{"start":{"line":38,"column":2},"end":{"line":38,"column":14}},"loc":{"start":{"line":38,"column":54},"end":{"line":40,"column":3}}},"4":{"name":"(anonymous_8)","decl":{"start":{"line":43,"column":2},"end":{"line":43,"column":15}},"loc":{"start":{"line":45,"column":46},"end":{"line":48,"column":3}}},"5":{"name":"(anonymous_9)","decl":{"start":{"line":51,"column":2},"end":{"line":51,"column":15}},"loc":{"start":{"line":54,"column":46},"end":{"line":61,"column":3}}},"6":{"name":"(anonymous_10)","decl":{"start":{"line":64,"column":2},"end":{"line":64,"column":15}},"loc":{"start":{"line":66,"column":34},"end":{"line":69,"column":3}}}},"branchMap":{"0":{"loc":{"start":{"line":32,"column":30},"end":{"line":32,"column":null}},"type":"cond-expr","locations":[{"start":{"line":32,"column":46},"end":{"line":32,"column":null}},{"start":{"line":32,"column":46},"end":{"line":32,"column":null}}]},"1":{"loc":{"start":{"line":32,"column":30},"end":{"line":32,"column":46}},"type":"binary-expr","locations":[{"start":{"line":32,"column":30},"end":{"line":32,"column":null}},{"start":{"line":32,"column":30},"end":{"line":32,"column":46}}]},"2":{"loc":{"start":{"line":45,"column":30},"end":{"line":45,"column":null}},"type":"cond-expr","locations":[{"start":{"line":45,"column":46},"end":{"line":45,"column":null}},{"start":{"line":45,"column":46},"end":{"line":45,"column":null}}]},"3":{"loc":{"start":{"line":45,"column":30},"end":{"line":45,"column":46}},"type":"binary-expr","locations":[{"start":{"line":45,"column":30},"end":{"line":45,"column":null}},{"start":{"line":45,"column":30},"end":{"line":45,"column":46}}]},"4":{"loc":{"start":{"line":54,"column":30},"end":{"line":54,"column":null}},"type":"cond-expr","locations":[{"start":{"line":54,"column":46},"end":{"line":54,"column":null}},{"start":{"line":54,"column":46},"end":{"line":54,"column":null}}]},"5":{"loc":{"start":{"line":54,"column":30},"end":{"line":54,"column":46}},"type":"binary-expr","locations":[{"start":{"line":54,"column":30},"end":{"line":54,"column":null}},{"start":{"line":54,"column":30},"end":{"line":54,"column":46}}]},"6":{"loc":{"start":{"line":22,"column":45},"end":{"line":22,"column":60}},"type":"cond-expr","locations":[{"start":{"line":22,"column":57},"end":{"line":22,"column":60}},{"start":{"line":22,"column":57},"end":{"line":22,"column":60}}]},"7":{"loc":{"start":{"line":22,"column":45},"end":{"line":22,"column":57}},"type":"binary-expr","locations":[{"start":{"line":22,"column":45},"end":{"line":22,"column":60}},{"start":{"line":22,"column":45},"end":{"line":22,"column":57}}]}},"s":{"0":0,"1":0,"2":0,"3":0,"4":0,"5":0,"6":0,"7":0,"8":0,"9":0,"10":0,"11":0,"12":0,"13":0,"14":0,"15":0,"16":0,"17":0,"18":0,"19":0,"20":0,"21":0,"22":0},"f":{"0":0,"1":0,"2":0,"3":0,"4":0,"5":0,"6":0},"b":{"0":[0,0],"1":[0,0],"2":[0,0],"3":[0,0],"4":[0,0],"5":[0,0],"6":[0,0],"7":[0,0]}}
,"C:\\xampp\\htdocs\\yoursupermarket\\backend\\src\\users\\users.module.ts": {"path":"C:\\xampp\\htdocs\\yoursupermarket\\backend\\src\\users\\users.module.ts","statementMap":{"0":{"start":{"line":1,"column":0},"end":{"line":1,"column":40}},"1":{"start":{"line":2,"column":0},"end":{"line":2,"column":47}},"2":{"start":{"line":3,"column":0},"end":{"line":3,"column":53}},"3":{"start":{"line":4,"column":0},"end":{"line":4,"column":57}},"4":{"start":{"line":5,"column":0},"end":{"line":5,"column":76}},"5":{"start":{"line":12,"column":7},"end":{"line":12,"column":null}},"6":{"start":{"line":12,"column":13},"end":{"line":12,"column":24}},"7":{"start":{"line":12,"column":13},"end":{"line":12,"column":null}}},"fnMap":{},"branchMap":{},"s":{"0":0,"1":0,"2":0,"3":0,"4":0,"5":0,"6":0,"7":0},"f":{},"b":{}}
,"C:\\xampp\\htdocs\\yoursupermarket\\backend\\src\\users\\users.service.ts": {"path":"C:\\xampp\\htdocs\\yoursupermarket\\backend\\src\\users\\users.service.ts","statementMap":{"0":{"start":{"line":1,"column":0},"end":{"line":1,"column":null}},"1":{"start":{"line":6,"column":0},"end":{"line":6,"column":57}},"2":{"start":{"line":10,"column":0},"end":{"line":10,"column":76}},"3":{"start":{"line":11,"column":0},"end":{"line":11,"column":61}},"4":{"start":{"line":12,"column":0},"end":{"line":12,"column":58}},"5":{"start":{"line":15,"column":7},"end":{"line":146,"column":null}},"6":{"start":{"line":17,"column":12},"end":{"line":17,"column":20}},"7":{"start":{"line":18,"column":12},"end":{"line":18,"column":36}},"8":{"start":{"line":22,"column":17},"end":{"line":32,"column":6}},"9":{"start":{"line":34,"column":4},"end":{"line":36,"column":5}},"10":{"start":{"line":35,"column":6},"end":{"line":35,"column":65}},"11":{"start":{"line":38,"column":4},"end":{"line":38,"column":16}},"12":{"start":{"line":42,"column":17},"end":{"line":44,"column":6}},"13":{"start":{"line":46,"column":4},"end":{"line":48,"column":5}},"14":{"start":{"line":47,"column":6},"end":{"line":47,"column":65}},"15":{"start":{"line":51,"column":4},"end":{"line":59,"column":5}},"16":{"start":{"line":52,"column":27},"end":{"line":54,"column":8}},"17":{"start":{"line":56,"column":6},"end":{"line":58,"column":7}},"18":{"start":{"line":57,"column":8},"end":{"line":57,"column":74}},"19":{"start":{"line":61,"column":4},"end":{"line":65,"column":7}},"20":{"start":{"line":69,"column":4},"end":{"line":72,"column":7}},"21":{"start":{"line":77,"column":4},"end":{"line":82,"column":5}},"22":{"start":{"line":78,"column":6},"end":{"line":81,"column":9}},"23":{"start":{"line":84,"column":4},"end":{"line":89,"column":7}},"24":{"start":{"line":97,"column":20},"end":{"line":99,"column":6}},"25":{"start":{"line":101,"column":4},"end":{"line":103,"column":5}},"26":{"start":{"line":102,"column":6},"end":{"line":102,"column":68}},"27":{"start":{"line":105,"column":4},"end":{"line":109,"column":6}},"28":{"start":{"line":112,"column":4},"end":{"line":117,"column":5}},"29":{"start":{"line":113,"column":6},"end":{"line":116,"column":9}},"30":{"start":{"line":119,"column":4},"end":{"line":122,"column":7}},"31":{"start":{"line":126,"column":20},"end":{"line":128,"column":6}},"32":{"start":{"line":130,"column":4},"end":{"line":132,"column":5}},"33":{"start":{"line":131,"column":6},"end":{"line":131,"column":68}},"34":{"start":{"line":134,"column":4},"end":{"line":138,"column":6}},"35":{"start":{"line":140,"column":4},"end":{"line":142,"column":7}},"36":{"start":{"line":144,"column":4},"end":{"line":144,"column":55}},"37":{"start":{"line":15,"column":13},"end":{"line":15,"column":25}},"38":{"start":{"line":15,"column":13},"end":{"line":146,"column":null}}},"fnMap":{"0":{"name":"(anonymous_2)","decl":{"start":{"line":16,"column":2},"end":{"line":16,"column":null}},"loc":{"start":{"line":18,"column":58},"end":{"line":19,"column":6}}},"1":{"name":"(anonymous_3)","decl":{"start":{"line":21,"column":2},"end":{"line":21,"column":7}},"loc":{"start":{"line":21,"column":33},"end":{"line":39,"column":3}}},"2":{"name":"(anonymous_4)","decl":{"start":{"line":41,"column":2},"end":{"line":41,"column":7}},"loc":{"start":{"line":41,"column":72},"end":{"line":66,"column":3}}},"3":{"name":"(anonymous_5)","decl":{"start":{"line":68,"column":2},"end":{"line":68,"column":7}},"loc":{"start":{"line":68,"column":35},"end":{"line":73,"column":3}}},"4":{"name":"(anonymous_6)","decl":{"start":{"line":75,"column":2},"end":{"line":75,"column":7}},"loc":{"start":{"line":75,"column":72},"end":{"line":90,"column":3}}},"5":{"name":"(anonymous_7)","decl":{"start":{"line":92,"column":2},"end":{"line":92,"column":7}},"loc":{"start":{"line":95,"column":38},"end":{"line":123,"column":3}}},"6":{"name":"(anonymous_8)","decl":{"start":{"line":125,"column":2},"end":{"line":125,"column":7}},"loc":{"start":{"line":125,"column":55},"end":{"line":145,"column":3}}}},"branchMap":{"0":{"loc":{"start":{"line":34,"column":4},"end":{"line":36,"column":5}},"type":"if","locations":[{"start":{"line":34,"column":4},"end":{"line":36,"column":5}},{"start":{},"end":{}}]},"1":{"loc":{"start":{"line":46,"column":4},"end":{"line":48,"column":5}},"type":"if","locations":[{"start":{"line":46,"column":4},"end":{"line":48,"column":5}},{"start":{},"end":{}}]},"2":{"loc":{"start":{"line":51,"column":4},"end":{"line":59,"column":5}},"type":"if","locations":[{"start":{"line":51,"column":4},"end":{"line":59,"column":5}},{"start":{},"end":{}}]},"3":{"loc":{"start":{"line":51,"column":8},"end":{"line":51,"column":71}},"type":"binary-expr","locations":[{"start":{"line":51,"column":8},"end":{"line":51,"column":30}},{"start":{"line":51,"column":34},"end":{"line":51,"column":71}}]},"4":{"loc":{"start":{"line":56,"column":6},"end":{"line":58,"column":7}},"type":"if","locations":[{"start":{"line":56,"column":6},"end":{"line":58,"column":7}},{"start":{},"end":{}}]},"5":{"loc":{"start":{"line":77,"column":4},"end":{"line":82,"column":5}},"type":"if","locations":[{"start":{"line":77,"column":4},"end":{"line":82,"column":5}},{"start":{},"end":{}}]},"6":{"loc":{"start":{"line":101,"column":4},"end":{"line":103,"column":5}},"type":"if","locations":[{"start":{"line":101,"column":4},"end":{"line":103,"column":5}},{"start":{},"end":{}}]},"7":{"loc":{"start":{"line":112,"column":4},"end":{"line":117,"column":5}},"type":"if","locations":[{"start":{"line":112,"column":4},"end":{"line":117,"column":5}},{"start":{},"end":{}}]},"8":{"loc":{"start":{"line":130,"column":4},"end":{"line":132,"column":5}},"type":"if","locations":[{"start":{"line":130,"column":4},"end":{"line":132,"column":5}},{"start":{},"end":{}}]},"9":{"loc":{"start":{"line":17,"column":20},"end":{"line":17,"column":null}},"type":"cond-expr","locations":[{"start":{"line":17,"column":33},"end":{"line":17,"column":null}},{"start":{"line":17,"column":33},"end":{"line":17,"column":null}}]},"10":{"loc":{"start":{"line":17,"column":20},"end":{"line":17,"column":33}},"type":"binary-expr","locations":[{"start":{"line":17,"column":20},"end":{"line":17,"column":null}},{"start":{"line":17,"column":20},"end":{"line":17,"column":33}}]},"11":{"loc":{"start":{"line":17,"column":33},"end":{"line":18,"column":null}},"type":"cond-expr","locations":[{"start":{"line":18,"column":58},"end":{"line":18,"column":null}},{"start":{"line":18,"column":58},"end":{"line":18,"column":null}}]},"12":{"loc":{"start":{"line":17,"column":33},"end":{"line":18,"column":58}},"type":"binary-expr","locations":[{"start":{"line":17,"column":33},"end":{"line":18,"column":null}},{"start":{"line":18,"column":36},"end":{"line":18,"column":58}}]}},"s":{"0":1,"1":1,"2":1,"3":1,"4":1,"5":1,"6":7,"7":7,"8":1,"9":1,"10":0,"11":1,"12":3,"13":3,"14":2,"15":1,"16":0,"17":0,"18":0,"19":1,"20":0,"21":0,"22":0,"23":0,"24":3,"25":3,"26":2,"27":1,"28":1,"29":0,"30":1,"31":3,"32":3,"33":2,"34":1,"35":1,"36":1,"37":1,"38":1},"f":{"0":7,"1":1,"2":3,"3":0,"4":0,"5":3,"6":3},"b":{"0":[0,1],"1":[2,1],"2":[0,1],"3":[1,0],"4":[0,0],"5":[0,0],"6":[2,1],"7":[0,1],"8":[2,1],"9":[1,0],"10":[1,1],"11":[1,0],"12":[1,1]}}
,"C:\\xampp\\htdocs\\yoursupermarket\\backend\\src\\users\\dto\\create-address.dto.ts": {"path":"C:\\xampp\\htdocs\\yoursupermarket\\backend\\src\\users\\dto\\create-address.dto.ts","statementMap":{"0":{"start":{"line":1,"column":0},"end":{"line":1,"column":78}},"1":{"start":{"line":3,"column":0},"end":{"line":3,"column":13}},"2":{"start":{"line":6,"column":2},"end":{"line":6,"column":null}},"3":{"start":{"line":10,"column":2},"end":{"line":10,"column":null}},"4":{"start":{"line":14,"column":2},"end":{"line":14,"column":null}},"5":{"start":{"line":18,"column":2},"end":{"line":18,"column":null}},"6":{"start":{"line":22,"column":2},"end":{"line":22,"column":null}},"7":{"start":{"line":26,"column":2},"end":{"line":26,"column":null}}},"fnMap":{},"branchMap":{},"s":{"0":0,"1":0,"2":0,"3":0,"4":0,"5":0,"6":0,"7":0},"f":{},"b":{}}
,"C:\\xampp\\htdocs\\yoursupermarket\\backend\\src\\users\\dto\\update-address.dto.ts": {"path":"C:\\xampp\\htdocs\\yoursupermarket\\backend\\src\\users\\dto\\update-address.dto.ts","statementMap":{"0":{"start":{"line":1,"column":0},"end":{"line":1,"column":66}},"1":{"start":{"line":3,"column":0},"end":{"line":3,"column":13}},"2":{"start":{"line":6,"column":2},"end":{"line":6,"column":null}},"3":{"start":{"line":10,"column":2},"end":{"line":10,"column":null}},"4":{"start":{"line":14,"column":2},"end":{"line":14,"column":null}},"5":{"start":{"line":18,"column":2},"end":{"line":18,"column":null}},"6":{"start":{"line":22,"column":2},"end":{"line":22,"column":null}},"7":{"start":{"line":26,"column":2},"end":{"line":26,"column":null}}},"fnMap":{},"branchMap":{},"s":{"0":0,"1":0,"2":0,"3":0,"4":0,"5":0,"6":0,"7":0},"f":{},"b":{}}
,"C:\\xampp\\htdocs\\yoursupermarket\\backend\\src\\users\\dto\\update-profile.dto.ts": {"path":"C:\\xampp\\htdocs\\yoursupermarket\\backend\\src\\users\\dto\\update-profile.dto.ts","statementMap":{"0":{"start":{"line":1,"column":0},"end":{"line":1,"column":64}},"1":{"start":{"line":3,"column":0},"end":{"line":3,"column":13}},"2":{"start":{"line":6,"column":2},"end":{"line":6,"column":null}},"3":{"start":{"line":10,"column":2},"end":{"line":10,"column":null}},"4":{"start":{"line":14,"column":2},"end":{"line":14,"column":null}}},"fnMap":{},"branchMap":{},"s":{"0":0,"1":0,"2":0,"3":0,"4":0},"f":{},"b":{}}
}
