TN:
SF:src\app.controller.ts
FN:10,(anonymous_2)
FN:18,(anonymous_3)
FN:27,(anonymous_4)
FN:29,(anonymous_5)
FNF:4
FNH:2
FNDA:1,(anonymous_2)
FNDA:1,(anonymous_3)
FNDA:0,(anonymous_4)
FNDA:0,(anonymous_5)
DA:1,1
DA:2,1
DA:3,1
DA:4,1
DA:5,1
DA:9,1
DA:11,1
DA:12,1
DA:13,1
DA:18,1
DA:19,1
DA:27,1
DA:28,0
DA:31,0
DA:32,0
DA:33,0
DA:40,0
LF:17
LH:12
BRDA:11,0,0,1
BRDA:11,0,1,0
BRDA:11,1,0,1
BRDA:11,1,1,1
BRDA:11,2,0,1
BRDA:11,2,1,0
BRDA:11,3,0,1
BRDA:11,3,1,1
BRDA:12,4,0,1
BRDA:12,4,1,0
BRDA:12,5,0,1
BRDA:12,5,1,1
BRF:12
BRH:9
end_of_record
TN:
SF:src\app.module.ts
FNF:0
FNH:0
DA:1,0
DA:2,0
DA:3,0
DA:4,0
DA:5,0
DA:6,0
DA:7,0
DA:8,0
DA:9,0
DA:10,0
DA:11,0
DA:12,0
DA:13,0
DA:14,0
DA:15,0
DA:16,0
DA:17,0
DA:18,0
DA:19,0
DA:20,0
DA:21,0
DA:22,0
DA:23,0
DA:80,0
LF:24
LH:0
BRF:0
BRH:0
end_of_record
TN:
SF:src\app.service.ts
FN:5,(anonymous_1)
FNF:1
FNH:1
FNDA:1,(anonymous_1)
DA:1,1
DA:4,1
DA:6,1
LF:3
LH:3
BRF:0
BRH:0
end_of_record
TN:
SF:src\main.ts
FN:8,bootstrap
FNF:1
FNH:0
FNDA:0,bootstrap
DA:1,0
DA:2,0
DA:3,0
DA:4,0
DA:5,0
DA:6,0
DA:9,0
DA:10,0
DA:13,0
DA:19,0
DA:28,0
DA:31,0
DA:34,0
DA:37,0
DA:67,0
DA:68,0
DA:74,0
DA:75,0
DA:76,0
DA:77,0
DA:79,0
LF:21
LH:0
BRDA:14,0,0,0
BRDA:14,0,1,0
BRDA:74,1,0,0
BRDA:74,1,1,0
BRF:4
BRH:0
end_of_record
TN:
SF:src\admin\admin.controller.ts
FN:13,(anonymous_4)
FN:16,(anonymous_5)
FN:21,(anonymous_6)
FN:26,(anonymous_7)
FNF:4
FNH:0
FNDA:0,(anonymous_4)
FNDA:0,(anonymous_5)
FNDA:0,(anonymous_6)
FNDA:0,(anonymous_7)
DA:1,0
DA:2,0
DA:3,0
DA:4,0
DA:5,0
DA:6,0
DA:7,0
DA:12,0
DA:13,0
DA:16,0
DA:17,0
DA:21,0
DA:22,0
DA:26,0
DA:27,0
LF:15
LH:0
BRDA:21,0,0,0
BRDA:21,0,1,0
BRDA:21,1,0,0
BRDA:21,1,1,0
BRDA:26,2,0,0
BRDA:26,2,1,0
BRDA:26,3,0,0
BRDA:26,3,1,0
BRDA:13,4,0,0
BRDA:13,4,1,0
BRDA:13,5,0,0
BRDA:13,5,1,0
BRF:12
BRH:0
end_of_record
TN:
SF:src\admin\admin.module.ts
FNF:0
FNH:0
DA:1,0
DA:2,0
DA:3,0
DA:4,0
DA:5,0
DA:12,0
LF:6
LH:0
BRF:0
BRH:0
end_of_record
TN:
SF:src\admin\admin.service.ts
FN:8,(anonymous_2)
FN:13,(anonymous_3)
FN:51,(anonymous_4)
FN:78,(anonymous_5)
FNF:4
FNH:4
FNDA:5,(anonymous_2)
FNDA:1,(anonymous_3)
FNDA:2,(anonymous_4)
FNDA:2,(anonymous_5)
DA:1,1
DA:2,1
DA:3,1
DA:4,1
DA:7,1
DA:9,5
DA:10,5
DA:15,1
DA:25,1
DA:40,1
DA:52,2
DA:54,2
DA:68,2
DA:79,2
DA:81,2
DA:102,2
LF:16
LH:16
BRDA:45,0,0,1
BRDA:45,0,1,0
BRDA:51,1,0,0
BRDA:51,2,0,0
BRDA:78,3,0,0
BRDA:78,4,0,0
BRDA:9,5,0,1
BRDA:9,5,1,0
BRDA:9,6,0,1
BRDA:9,6,1,1
BRDA:9,7,0,1
BRDA:9,7,1,0
BRDA:9,8,0,1
BRDA:9,8,1,1
BRF:14
BRH:7
end_of_record
TN:
SF:src\auth\auth.controller.ts
FN:31,(anonymous_4)
FN:39,(anonymous_5)
FN:49,(anonymous_6)
FN:59,(anonymous_7)
FN:71,(anonymous_8)
FN:83,(anonymous_9)
FN:94,(anonymous_10)
FNF:7
FNH:0
FNDA:0,(anonymous_4)
FNDA:0,(anonymous_5)
FNDA:0,(anonymous_6)
FNDA:0,(anonymous_7)
FNDA:0,(anonymous_8)
FNDA:0,(anonymous_9)
FNDA:0,(anonymous_10)
DA:1,0
DA:9,0
DA:10,0
DA:16,0
DA:17,0
DA:18,0
DA:19,0
DA:20,0
DA:24,0
DA:25,0
DA:30,0
DA:31,0
DA:39,0
DA:40,0
DA:49,0
DA:50,0
DA:59,0
DA:60,0
DA:71,0
DA:74,0
DA:83,0
DA:84,0
DA:94,0
DA:98,0
LF:24
LH:0
BRDA:39,0,0,0
BRDA:39,0,1,0
BRDA:39,1,0,0
BRDA:39,1,1,0
BRDA:49,2,0,0
BRDA:49,2,1,0
BRDA:49,3,0,0
BRDA:49,3,1,0
BRDA:59,4,0,0
BRDA:59,4,1,0
BRDA:59,5,0,0
BRDA:59,5,1,0
BRDA:72,6,0,0
BRDA:72,6,1,0
BRDA:72,7,0,0
BRDA:72,7,1,0
BRDA:83,8,0,0
BRDA:83,8,1,0
BRDA:83,9,0,0
BRDA:83,9,1,0
BRDA:31,10,0,0
BRDA:31,10,1,0
BRDA:31,11,0,0
BRDA:31,11,1,0
BRF:24
BRH:0
end_of_record
TN:
SF:src\auth\auth.module.ts
FNF:0
FNH:0
DA:1,0
DA:2,0
DA:3,0
DA:4,0
DA:5,0
DA:6,0
DA:7,0
DA:8,0
DA:9,0
DA:27,0
LF:10
LH:0
BRDA:19,0,0,0
BRDA:19,0,1,0
BRF:2
BRH:0
end_of_record
TN:
SF:src\auth\auth.service.ts
FN:27,(anonymous_11)
FN:33,(anonymous_12)
FN:88,(anonymous_13)
FN:130,(anonymous_14)
FN:167,(anonymous_15)
FN:252,(anonymous_16)
FN:291,(anonymous_17)
FN:340,(anonymous_18)
FN:346,(anonymous_19)
FN:358,(anonymous_20)
FN:398,(anonymous_21)
FNF:11
FNH:5
FNDA:7,(anonymous_11)
FNDA:6,(anonymous_12)
FNDA:5,(anonymous_13)
FNDA:0,(anonymous_14)
FNDA:0,(anonymous_15)
FNDA:0,(anonymous_16)
FNDA:0,(anonymous_17)
FNDA:11,(anonymous_18)
FNDA:0,(anonymous_19)
FNDA:3,(anonymous_20)
FNDA:0,(anonymous_21)
DA:1,1
DA:8,1
DA:9,1
DA:10,1
DA:18,1
DA:20,1
DA:21,1
DA:24,1
DA:25,7
DA:28,7
DA:29,7
DA:30,7
DA:34,6
DA:36,6
DA:39,4
DA:40,4
DA:43,4
DA:44,2
DA:48,2
DA:49,1
DA:52,1
DA:53,0
DA:58,2
DA:61,2
DA:80,2
DA:82,2
DA:89,5
DA:91,5
DA:94,3
DA:100,3
DA:101,2
DA:104,1
DA:105,0
DA:109,1
DA:110,1
DA:111,0
DA:115,1
DA:117,1
DA:131,0
DA:134,0
DA:135,0
DA:140,0
DA:145,0
DA:146,0
DA:149,0
DA:150,0
DA:154,0
DA:159,0
DA:161,0
DA:163,0
DA:168,0
DA:170,0
DA:174,0
DA:176,0
DA:182,0
DA:193,0
DA:194,0
DA:197,0
DA:206,0
DA:207,0
DA:210,0
DA:211,0
DA:229,0
DA:230,0
DA:231,0
DA:236,0
DA:239,0
DA:240,0
DA:247,0
DA:253,0
DA:256,0
DA:261,0
DA:262,0
DA:268,0
DA:269,0
DA:273,0
DA:275,0
DA:279,0
DA:283,0
DA:284,0
DA:288,0
DA:291,0
DA:293,0
DA:299,0
DA:306,0
DA:307,0
DA:317,0
DA:318,0
DA:319,0
DA:324,0
DA:329,0
DA:330,0
DA:337,0
DA:341,11
DA:342,4
DA:348,0
DA:355,0
DA:359,3
DA:362,3
DA:368,3
DA:377,3
DA:378,3
DA:380,3
DA:388,3
DA:399,0
DA:405,0
DA:408,0
LF:107
LH:44
BRDA:39,0,0,4
BRDA:39,0,1,0
BRDA:43,1,0,2
BRDA:43,1,1,2
BRDA:48,2,0,1
BRDA:48,2,1,1
BRDA:52,3,0,0
BRDA:52,3,1,1
BRDA:96,4,0,3
BRDA:96,4,1,0
BRDA:96,5,0,0
BRDA:96,5,1,3
BRDA:100,6,0,2
BRDA:100,6,1,1
BRDA:104,7,0,0
BRDA:104,7,1,1
BRDA:110,8,0,0
BRDA:110,8,1,1
BRDA:145,9,0,0
BRDA:145,9,1,0
BRDA:145,10,0,0
BRDA:145,10,1,0
BRDA:149,11,0,0
BRDA:149,11,1,0
BRDA:174,12,0,0
BRDA:174,12,1,0
BRDA:206,13,0,0
BRDA:206,13,1,0
BRDA:214,14,0,0
BRDA:214,14,1,0
BRDA:230,15,0,0
BRDA:230,15,1,0
BRDA:239,16,0,0
BRDA:239,16,1,0
BRDA:261,17,0,0
BRDA:261,17,1,0
BRDA:268,18,0,0
BRDA:268,18,1,0
BRDA:273,19,0,0
BRDA:273,19,1,0
BRDA:283,20,0,0
BRDA:283,20,1,0
BRDA:310,21,0,0
BRDA:310,21,1,0
BRDA:318,22,0,0
BRDA:318,22,1,0
BRDA:329,23,0,0
BRDA:329,23,1,0
BRDA:341,24,0,4
BRDA:341,24,1,7
BRDA:341,25,0,11
BRDA:341,25,1,4
BRDA:364,26,0,3
BRDA:364,26,1,3
BRDA:372,27,0,3
BRDA:372,27,1,3
BRDA:28,28,0,1
BRDA:28,28,1,0
BRDA:28,29,0,1
BRDA:28,29,1,1
BRDA:28,30,0,1
BRDA:28,30,1,0
BRDA:28,31,0,1
BRDA:28,31,1,1
BRDA:29,32,0,1
BRDA:29,32,1,0
BRDA:29,33,0,1
BRDA:29,33,1,1
BRF:68
BRH:29
end_of_record
TN:
SF:src\auth\decorators\current-user.decorator.ts
FN:15,(anonymous_0)
FNF:1
FNH:0
FNDA:0,(anonymous_0)
DA:1,0
DA:14,0
DA:16,0
DA:19,0
LF:4
LH:0
BRF:0
BRH:0
end_of_record
TN:
SF:src\auth\decorators\roles.decorator.ts
FN:5,(anonymous_0)
FNF:1
FNH:0
FNDA:0,(anonymous_0)
DA:1,0
DA:3,0
DA:5,0
LF:3
LH:0
BRF:0
BRH:0
end_of_record
TN:
SF:src\auth\dto\login.dto.ts
FNF:0
FNH:0
DA:1,0
DA:3,0
DA:6,0
DA:10,0
DA:14,0
LF:5
LH:0
BRF:0
BRH:0
end_of_record
TN:
SF:src\auth\dto\refresh-token.dto.ts
FNF:0
FNH:0
DA:1,0
DA:3,0
DA:6,0
LF:3
LH:0
BRF:0
BRH:0
end_of_record
TN:
SF:src\auth\dto\register.dto.ts
FNF:0
FNH:0
DA:1,0
DA:10,0
DA:13,0
DA:20,0
DA:25,0
DA:29,0
DA:33,0
LF:7
LH:0
BRF:0
BRH:0
end_of_record
TN:
SF:src\auth\dto\reset-password.dto.ts
FNF:0
FNH:0
DA:1,0
DA:3,0
DA:6,0
DA:9,0
DA:12,0
DA:17,0
LF:6
LH:0
BRF:0
BRH:0
end_of_record
TN:
SF:src\auth\guards\jwt-auth.guard.ts
FNF:0
FNH:0
DA:1,0
DA:2,0
DA:5,0
LF:3
LH:0
BRF:0
BRH:0
end_of_record
TN:
SF:src\auth\guards\roles.guard.ts
FN:10,(anonymous_2)
FN:12,(anonymous_3)
FN:25,(anonymous_4)
FNF:3
FNH:0
FNDA:0,(anonymous_2)
FNDA:0,(anonymous_3)
FNDA:0,(anonymous_4)
DA:1,0
DA:2,0
DA:6,0
DA:9,0
DA:10,0
DA:13,0
DA:18,0
DA:19,0
DA:22,0
DA:25,0
LF:10
LH:0
BRDA:18,0,0,0
BRDA:18,0,1,0
BRDA:10,1,0,0
BRDA:10,1,1,0
BRDA:10,2,0,0
BRDA:10,2,1,0
BRF:6
BRH:0
end_of_record
TN:
SF:src\auth\strategies\jwt-refresh.strategy.ts
FN:16,(anonymous_2)
FN:24,(anonymous_3)
FNF:2
FNH:0
FNDA:0,(anonymous_2)
FNDA:0,(anonymous_3)
DA:1,0
DA:2,0
DA:3,0
DA:4,0
DA:12,0
DA:16,0
DA:17,0
DA:25,0
DA:30,0
DA:31,0
DA:34,0
DA:35,0
DA:38,0
LF:13
LH:0
BRDA:30,0,0,0
BRDA:30,0,1,0
BRDA:30,1,0,0
BRDA:30,1,1,0
BRDA:34,2,0,0
BRDA:34,2,1,0
BRDA:16,3,0,0
BRDA:16,3,1,0
BRDA:16,4,0,0
BRDA:16,4,1,0
BRF:10
BRH:0
end_of_record
TN:
SF:src\auth\strategies\jwt.strategy.ts
FN:12,(anonymous_2)
FN:20,(anonymous_3)
FNF:2
FNH:0
FNDA:0,(anonymous_2)
FNDA:0,(anonymous_3)
DA:1,0
DA:2,0
DA:3,0
DA:4,0
DA:11,0
DA:12,0
DA:13,0
DA:21,0
DA:34,0
DA:35,0
DA:38,0
LF:11
LH:0
BRDA:34,0,0,0
BRDA:34,0,1,0
BRDA:34,1,0,0
BRDA:34,1,1,0
BRDA:12,2,0,0
BRDA:12,2,1,0
BRDA:12,3,0,0
BRDA:12,3,1,0
BRF:8
BRH:0
end_of_record
TN:
SF:src\cart\cart.controller.ts
FN:21,(anonymous_4)
FN:24,(anonymous_5)
FN:29,(anonymous_6)
FN:37,(anonymous_7)
FN:46,(anonymous_8)
FN:54,(anonymous_9)
FNF:6
FNH:0
FNDA:0,(anonymous_4)
FNDA:0,(anonymous_5)
FNDA:0,(anonymous_6)
FNDA:0,(anonymous_7)
FNDA:0,(anonymous_8)
FNDA:0,(anonymous_9)
DA:1,0
DA:11,0
DA:12,0
DA:13,0
DA:15,0
DA:16,0
DA:20,0
DA:21,0
DA:24,0
DA:25,0
DA:29,0
DA:33,0
DA:37,0
DA:42,0
DA:46,0
DA:50,0
DA:54,0
DA:55,0
LF:18
LH:0
BRDA:31,0,0,0
BRDA:31,0,1,0
BRDA:31,1,0,0
BRDA:31,1,1,0
BRDA:40,2,0,0
BRDA:40,2,1,0
BRDA:40,3,0,0
BRDA:40,3,1,0
BRDA:21,4,0,0
BRDA:21,4,1,0
BRDA:21,5,0,0
BRDA:21,5,1,0
BRF:12
BRH:0
end_of_record
TN:
SF:src\cart\cart.module.ts
FNF:0
FNH:0
DA:1,0
DA:2,0
DA:3,0
DA:4,0
DA:5,0
DA:6,0
DA:7,0
DA:20,0
LF:8
LH:0
BRF:0
BRH:0
end_of_record
TN:
SF:src\cart\cart.service.ts
FN:16,(anonymous_2)
FN:23,(anonymous_3)
FN:27,(anonymous_4)
FN:42,(anonymous_5)
FN:83,(anonymous_6)
FN:156,(anonymous_7)
FN:205,(anonymous_8)
FN:229,(anonymous_9)
FNF:8
FNH:7
FNDA:8,(anonymous_2)
FNDA:1,(anonymous_3)
FNDA:1,(anonymous_4)
FNDA:3,(anonymous_5)
FNDA:2,(anonymous_6)
FNDA:4,(anonymous_7)
FNDA:3,(anonymous_8)
FNDA:0,(anonymous_9)
DA:1,1
DA:6,1
DA:9,1
DA:10,1
DA:11,1
DA:12,1
DA:15,1
DA:17,8
DA:18,8
DA:19,8
DA:20,8
DA:24,1
DA:27,1
DA:28,1
DA:29,1
DA:36,1
DA:43,3
DA:60,3
DA:61,0
DA:80,3
DA:84,2
DA:87,2
DA:90,2
DA:96,2
DA:103,2
DA:106,2
DA:115,2
DA:117,0
DA:118,0
DA:124,0
DA:139,2
DA:161,4
DA:164,4
DA:174,4
DA:175,2
DA:178,2
DA:185,2
DA:191,2
DA:207,3
DA:212,3
DA:213,2
DA:216,1
DA:222,1
DA:226,1
DA:230,0
DA:234,0
DA:235,0
DA:238,0
DA:242,0
LF:49
LH:40
BRDA:30,0,0,1
BRDA:30,0,1,1
BRDA:60,1,0,0
BRDA:60,1,1,3
BRDA:115,2,0,0
BRDA:115,2,1,2
BRDA:174,3,0,2
BRDA:174,3,1,2
BRDA:212,4,0,2
BRDA:212,4,1,1
BRDA:234,5,0,0
BRDA:234,5,1,0
BRDA:17,6,0,1
BRDA:17,6,1,0
BRDA:17,7,0,1
BRDA:17,7,1,1
BRDA:17,8,0,1
BRDA:17,8,1,0
BRDA:17,9,0,1
BRDA:17,9,1,1
BRDA:18,10,0,1
BRDA:18,10,1,0
BRDA:18,11,0,1
BRDA:18,11,1,1
BRDA:19,12,0,1
BRDA:19,12,1,0
BRDA:19,13,0,1
BRDA:19,13,1,1
BRF:28
BRH:20
end_of_record
TN:
SF:src\cart\dto\add-to-cart.dto.ts
FN:10,(anonymous_2)
FNF:1
FNH:0
FNDA:0,(anonymous_2)
DA:1,0
DA:2,0
DA:4,0
DA:7,0
DA:10,0
DA:12,0
LF:6
LH:0
BRF:0
BRH:0
end_of_record
TN:
SF:src\cart\dto\update-cart-item.dto.ts
FN:6,(anonymous_2)
FNF:1
FNH:0
FNDA:0,(anonymous_2)
DA:1,0
DA:2,0
DA:4,0
DA:6,0
DA:8,0
LF:5
LH:0
BRF:0
BRH:0
end_of_record
TN:
SF:src\categories\categories.controller.ts
FN:23,(anonymous_4)
FN:28,(anonymous_5)
FN:33,(anonymous_6)
FN:38,(anonymous_7)
FN:43,(anonymous_8)
FN:50,(anonymous_9)
FN:60,(anonymous_10)
FNF:7
FNH:0
FNDA:0,(anonymous_4)
FNDA:0,(anonymous_5)
FNDA:0,(anonymous_6)
FNDA:0,(anonymous_7)
FNDA:0,(anonymous_8)
FNDA:0,(anonymous_9)
FNDA:0,(anonymous_10)
DA:1,0
DA:12,0
DA:13,0
DA:14,0
DA:15,0
DA:16,0
DA:17,0
DA:18,0
DA:19,0
DA:22,0
DA:23,0
DA:28,0
DA:29,0
DA:33,0
DA:34,0
DA:38,0
DA:39,0
DA:43,0
DA:44,0
DA:50,0
DA:54,0
DA:60,0
DA:61,0
LF:23
LH:0
BRDA:28,0,0,0
BRDA:28,0,1,0
BRDA:28,1,0,0
BRDA:28,1,1,0
BRDA:33,2,0,0
BRDA:33,2,1,0
BRDA:33,3,0,0
BRDA:33,3,1,0
BRDA:52,4,0,0
BRDA:52,4,1,0
BRDA:52,5,0,0
BRDA:52,5,1,0
BRDA:23,6,0,0
BRDA:23,6,1,0
BRDA:23,7,0,0
BRDA:23,7,1,0
BRF:16
BRH:0
end_of_record
TN:
SF:src\categories\categories.module.ts
FNF:0
FNH:0
DA:1,0
DA:2,0
DA:3,0
DA:4,0
DA:5,0
DA:12,0
LF:6
LH:0
BRF:0
BRH:0
end_of_record
TN:
SF:src\categories\categories.service.ts
FN:10,(anonymous_2)
FN:15,(anonymous_3)
FN:36,(anonymous_4)
FN:50,(anonymous_5)
FN:73,(anonymous_6)
FN:92,(anonymous_7)
FN:124,(anonymous_8)
FNF:7
FNH:5
FNDA:6,(anonymous_2)
FNDA:2,(anonymous_3)
FNDA:0,(anonymous_4)
FNDA:2,(anonymous_5)
FNDA:2,(anonymous_6)
FNDA:3,(anonymous_7)
FNDA:0,(anonymous_8)
DA:1,1
DA:2,1
DA:5,1
DA:6,1
DA:9,1
DA:11,6
DA:12,6
DA:16,2
DA:21,2
DA:37,0
DA:51,2
DA:66,2
DA:67,2
DA:70,0
DA:74,2
DA:85,2
DA:86,2
DA:89,0
DA:93,3
DA:97,3
DA:98,2
DA:101,1
DA:106,1
DA:107,1
DA:114,1
DA:125,0
DA:129,0
DA:130,0
DA:134,0
DA:138,0
DA:139,0
DA:142,0
DA:146,0
LF:33
LH:22
BRDA:36,0,0,0
BRDA:38,1,0,0
BRDA:38,1,1,0
BRDA:66,2,0,2
BRDA:66,2,1,0
BRDA:85,3,0,2
BRDA:85,3,1,0
BRDA:97,4,0,2
BRDA:97,4,1,1
BRDA:106,5,0,1
BRDA:106,5,1,0
BRDA:106,6,0,1
BRDA:106,6,1,1
BRDA:129,7,0,0
BRDA:129,7,1,0
BRDA:138,8,0,0
BRDA:138,8,1,0
BRDA:11,9,0,1
BRDA:11,9,1,0
BRDA:11,10,0,1
BRDA:11,10,1,1
BRDA:11,11,0,1
BRDA:11,11,1,0
BRDA:11,12,0,1
BRDA:11,12,1,1
BRF:25
BRH:13
end_of_record
TN:
SF:src\categories\dto\category-query.dto.ts
FN:7,(anonymous_2)
FNF:1
FNH:0
FNDA:0,(anonymous_2)
DA:1,0
DA:2,0
DA:4,0
DA:7,0
DA:8,0
LF:5
LH:0
BRF:0
BRH:0
end_of_record
TN:
SF:src\categories\dto\create-category.dto.ts
FNF:0
FNH:0
DA:1,0
DA:3,0
DA:6,0
DA:10,0
DA:14,0
DA:18,0
DA:22,0
LF:7
LH:0
BRF:0
BRH:0
end_of_record
TN:
SF:src\categories\dto\update-category.dto.ts
FNF:0
FNH:0
DA:1,0
DA:3,0
DA:6,0
DA:10,0
DA:14,0
DA:18,0
DA:22,0
LF:7
LH:0
BRF:0
BRH:0
end_of_record
TN:
SF:src\common\cloudinary.service.ts
FN:7,(anonymous_2)
FN:15,(anonymous_3)
FN:16,(anonymous_4)
FN:22,(anonymous_5)
FN:44,(anonymous_6)
FN:45,(anonymous_7)
FN:49,(anonymous_8)
FN:53,(anonymous_9)
FNF:8
FNH:0
FNDA:0,(anonymous_2)
FNDA:0,(anonymous_3)
FNDA:0,(anonymous_4)
FNDA:0,(anonymous_5)
FNDA:0,(anonymous_6)
FNDA:0,(anonymous_7)
FNDA:0,(anonymous_8)
FNDA:0,(anonymous_9)
DA:1,1
DA:2,1
DA:3,1
DA:6,1
DA:8,0
DA:16,0
DA:17,0
DA:23,0
DA:25,0
DA:30,0
DA:31,0
DA:32,0
DA:34,0
DA:39,0
DA:40,0
DA:45,0
DA:46,0
DA:50,0
DA:54,0
DA:55,0
DA:56,0
LF:21
LH:4
BRDA:23,0,0,0
BRDA:23,0,1,0
BRDA:25,1,0,0
BRDA:25,1,1,0
BRDA:27,2,0,0
BRDA:27,2,1,0
BRDA:31,3,0,0
BRDA:31,3,1,0
BRF:8
BRH:0
end_of_record
TN:
SF:src\common\error-messages.ts
FNF:0
FNH:0
DA:4,12
LF:1
LH:1
BRF:0
BRH:0
end_of_record
TN:
SF:src\common\inventory-helper.service.ts
FN:12,(anonymous_2)
FN:21,(anonymous_3)
FN:38,(anonymous_4)
FNF:3
FNH:3
FNDA:9,(anonymous_2)
FNDA:6,(anonymous_3)
FNDA:3,(anonymous_4)
DA:1,3
DA:2,3
DA:4,3
DA:11,3
DA:12,9
DA:26,6
DA:27,6
DA:28,4
DA:29,4
DA:39,3
LF:10
LH:10
BRDA:26,0,0,6
BRDA:26,0,1,1
BRDA:27,1,0,4
BRDA:27,1,1,2
BRDA:28,2,0,4
BRDA:28,2,1,3
BRDA:39,3,0,3
BRDA:39,3,1,2
BRDA:12,4,0,3
BRDA:12,4,1,0
BRDA:12,5,0,3
BRDA:12,5,1,3
BRF:12
BRH:11
end_of_record
TN:
SF:src\common\ownership-helper.service.ts
FN:12,(anonymous_1)
FNF:1
FNH:1
FNDA:7,(anonymous_1)
DA:1,4
DA:4,4
DA:17,7
DA:18,3
LF:4
LH:4
BRDA:15,0,0,3
BRDA:17,1,0,3
BRDA:17,1,1,4
BRF:3
BRH:3
end_of_record
TN:
SF:src\common\pagination.service.ts
FN:12,(anonymous_1)
FN:16,(anonymous_2)
FNF:2
FNH:2
FNDA:5,(anonymous_1)
FNDA:8,(anonymous_2)
DA:1,4
DA:11,4
DA:13,5
DA:21,8
LF:4
LH:4
BRF:0
BRH:0
end_of_record
TN:
SF:src\common\prisma.service.ts
FN:13,(anonymous_2)
FN:30,(anonymous_3)
FN:36,(anonymous_4)
FN:50,(anonymous_5)
FN:55,(anonymous_6)
FNF:5
FNH:0
FNDA:0,(anonymous_2)
FNDA:0,(anonymous_3)
FNDA:0,(anonymous_4)
FNDA:0,(anonymous_5)
FNDA:0,(anonymous_6)
DA:1,15
DA:2,15
DA:3,15
DA:4,15
DA:7,15
DA:11,0
DA:14,0
DA:15,0
DA:18,0
DA:21,0
DA:23,0
DA:29,0
DA:30,0
DA:31,0
DA:37,0
DA:39,0
DA:41,0
DA:43,0
DA:46,0
DA:51,0
DA:52,0
DA:56,0
DA:57,0
LF:23
LH:5
BRDA:18,0,0,0
BRDA:18,0,1,0
BRDA:18,1,0,0
BRDA:18,1,1,0
BRDA:29,2,0,0
BRDA:29,2,1,0
BRDA:37,3,0,0
BRDA:37,3,1,0
BRDA:37,3,2,0
BRDA:37,3,3,0
BRDA:37,3,4,0
BRF:11
BRH:0
end_of_record
TN:
SF:src\common\product-helper.service.ts
FN:12,(anonymous_2)
FN:18,(anonymous_3)
FN:35,(anonymous_4)
FN:45,(anonymous_5)
FNF:4
FNH:4
FNDA:7,(anonymous_2)
FNDA:7,(anonymous_3)
FNDA:4,(anonymous_4)
FNDA:6,(anonymous_5)
DA:1,5
DA:6,5
DA:8,5
DA:11,5
DA:12,7
DA:19,7
DA:23,7
DA:24,3
DA:27,4
DA:36,4
DA:37,3
DA:38,1
DA:46,6
DA:47,4
LF:14
LH:14
BRDA:23,0,0,3
BRDA:23,0,1,4
BRDA:46,1,0,4
BRDA:46,1,1,2
BRDA:12,2,0,5
BRDA:12,2,1,0
BRDA:12,3,0,5
BRDA:12,3,1,5
BRF:8
BRH:7
end_of_record
TN:
SF:src\common\slug.service.ts
FN:7,(anonymous_2)
FN:9,(anonymous_3)
FN:26,(anonymous_4)
FNF:3
FNH:3
FNDA:7,(anonymous_2)
FNDA:7,(anonymous_3)
FNDA:11,(anonymous_4)
DA:1,3
DA:2,3
DA:3,3
DA:6,3
DA:7,7
DA:14,7
DA:15,7
DA:16,7
DA:18,7
DA:19,4
DA:20,4
DA:23,7
DA:31,11
DA:35,11
DA:36,9
DA:39,9
DA:41,2
DA:44,2
LF:18
LH:18
BRDA:31,0,0,4
BRDA:31,0,1,7
BRDA:35,1,0,9
BRDA:35,1,1,2
BRDA:36,2,0,3
BRDA:36,2,1,6
BRDA:41,3,0,1
BRDA:41,3,1,1
BRDA:7,4,0,3
BRDA:7,4,1,0
BRDA:7,5,0,3
BRDA:7,5,1,3
BRF:12
BRH:11
end_of_record
TN:
SF:src\common\test-utils.ts
FN:8,(anonymous_0)
FN:24,(anonymous_1)
FN:44,(anonymous_2)
FN:57,(anonymous_3)
FN:68,(anonymous_4)
FN:84,(anonymous_5)
FN:98,(anonymous_6)
FN:106,(anonymous_7)
FN:116,(anonymous_8)
FN:130,(anonymous_9)
FN:143,(anonymous_10)
FNF:11
FNH:10
FNDA:14,(anonymous_0)
FNDA:33,(anonymous_1)
FNDA:16,(anonymous_2)
FNDA:18,(anonymous_3)
FNDA:12,(anonymous_4)
FNDA:10,(anonymous_5)
FNDA:9,(anonymous_6)
FNDA:9,(anonymous_7)
FNDA:0,(anonymous_8)
FNDA:2,(anonymous_9)
FNDA:87,(anonymous_10)
DA:1,14
DA:2,14
DA:8,14
DA:24,33
DA:44,16
DA:57,18
DA:68,14
DA:84,14
DA:98,14
DA:106,14
DA:116,14
DA:130,14
DA:143,87
LF:13
LH:13
BRF:0
BRH:0
end_of_record
TN:
SF:src\common\user-selectors.ts
FNF:0
FNH:0
DA:6,7
DA:18,7
DA:27,7
DA:38,7
LF:4
LH:4
BRF:0
BRH:0
end_of_record
TN:
SF:src\common\utils.ts
FN:1,slugify
FNF:1
FNH:1
FNDA:7,slugify
DA:1,3
DA:2,7
LF:2
LH:2
BRF:0
BRH:0
end_of_record
TN:
SF:src\common\dto\pagination.dto.ts
FN:6,(anonymous_2)
FN:12,(anonymous_3)
FNF:2
FNH:0
FNDA:0,(anonymous_2)
FNDA:0,(anonymous_3)
DA:1,0
DA:2,0
DA:4,0
DA:6,0
DA:9,0
DA:12,0
DA:16,0
LF:7
LH:0
BRF:0
BRH:0
end_of_record
TN:
SF:src\common\filters\http-exception.filter.ts
FN:25,(anonymous_1)
FNF:1
FNH:0
FNDA:0,(anonymous_1)
DA:1,0
DA:22,0
DA:23,0
DA:26,0
DA:27,0
DA:28,0
DA:29,0
DA:31,0
DA:32,0
DA:34,0
DA:35,0
DA:36,0
DA:37,0
DA:42,0
DA:43,0
DA:44,0
DA:51,0
DA:61,0
DA:62,0
DA:66,0
DA:67,0
DA:72,0
LF:22
LH:0
BRDA:29,0,0,0
BRDA:29,0,1,0
BRDA:34,1,0,0
BRDA:34,1,1,0
BRDA:38,2,0,0
BRDA:38,2,1,0
BRDA:40,3,0,0
BRDA:40,3,1,0
BRDA:42,4,0,0
BRDA:42,4,1,0
BRDA:61,5,0,0
BRDA:61,5,1,0
BRDA:64,6,0,0
BRDA:64,6,1,0
BRDA:66,7,0,0
BRDA:66,7,1,0
BRF:16
BRH:0
end_of_record
TN:
SF:src\common\interceptors\logging.interceptor.ts
FN:21,(anonymous_1)
FN:37,(anonymous_2)
FN:46,(anonymous_3)
FNF:3
FNH:0
FNDA:0,(anonymous_1)
FNDA:0,(anonymous_2)
FNDA:0,(anonymous_3)
DA:1,0
DA:9,0
DA:10,0
DA:18,0
DA:19,0
DA:22,0
DA:23,0
DA:24,0
DA:27,0
DA:29,0
DA:30,0
DA:31,0
DA:33,0
DA:35,0
DA:38,0
DA:39,0
DA:40,0
DA:42,0
DA:47,0
DA:49,0
DA:50,0
LF:21
LH:0
BRDA:30,0,0,0
BRDA:30,0,1,0
BRDA:31,1,0,0
BRDA:31,1,1,0
BRDA:31,1,2,0
BRDA:49,2,0,0
BRDA:49,2,1,0
BRF:7
BRH:0
end_of_record
TN:
SF:src\config\env.validation.ts
FNF:0
FNH:0
DA:1,0
DA:3,0
LF:2
LH:0
BRF:0
BRH:0
end_of_record
TN:
SF:src\delivery\delivery.controller.ts
FN:20,(anonymous_4)
FN:25,(anonymous_5)
FN:32,(anonymous_6)
FN:39,(anonymous_7)
FN:48,(anonymous_8)
FN:64,(anonymous_9)
FNF:6
FNH:0
FNDA:0,(anonymous_4)
FNDA:0,(anonymous_5)
FNDA:0,(anonymous_6)
FNDA:0,(anonymous_7)
FNDA:0,(anonymous_8)
FNDA:0,(anonymous_9)
DA:1,0
DA:10,0
DA:11,0
DA:12,0
DA:13,0
DA:14,0
DA:16,0
DA:19,0
DA:20,0
DA:25,0
DA:26,0
DA:32,0
DA:33,0
DA:39,0
DA:43,0
DA:48,0
DA:53,0
DA:54,0
DA:64,0
DA:65,0
LF:20
LH:0
BRDA:53,0,0,0
BRDA:53,0,1,0
BRDA:20,1,0,0
BRDA:20,1,1,0
BRDA:20,2,0,0
BRDA:20,2,1,0
BRF:6
BRH:0
end_of_record
TN:
SF:src\delivery\delivery.module.ts
FNF:0
FNH:0
DA:1,0
DA:2,0
DA:3,0
DA:4,0
DA:11,0
LF:5
LH:0
BRF:0
BRH:0
end_of_record
TN:
SF:src\delivery\delivery.service.ts
FN:13,(anonymous_2)
FN:15,(anonymous_3)
FN:48,(anonymous_4)
FN:71,(anonymous_5)
FN:102,(anonymous_6)
FN:143,(anonymous_7)
FNF:6
FNH:6
FNDA:5,(anonymous_2)
FNDA:2,(anonymous_3)
FNDA:1,(anonymous_4)
FNDA:2,(anonymous_5)
FNDA:2,(anonymous_6)
FNDA:1,(anonymous_7)
DA:1,1
DA:6,1
DA:7,1
DA:8,1
DA:9,1
DA:12,1
DA:13,5
DA:16,2
DA:21,2
DA:22,2
DA:26,0
DA:30,0
DA:31,0
DA:35,0
DA:49,1
DA:72,2
DA:76,2
DA:77,2
DA:80,0
DA:81,0
DA:84,0
DA:107,2
DA:111,2
DA:112,2
DA:115,0
DA:116,0
DA:124,0
DA:128,0
DA:129,0
DA:132,0
DA:144,1
LF:31
LH:18
BRDA:21,0,0,2
BRDA:21,0,1,0
BRDA:30,1,0,0
BRDA:30,1,1,0
BRDA:76,2,0,2
BRDA:76,2,1,0
BRDA:80,3,0,0
BRDA:80,3,1,0
BRDA:111,4,0,2
BRDA:111,4,1,0
BRDA:115,5,0,0
BRDA:115,5,1,0
BRDA:115,6,0,0
BRDA:115,6,1,0
BRDA:128,7,0,0
BRDA:128,7,1,0
BRDA:13,8,0,1
BRDA:13,8,1,0
BRDA:13,9,0,1
BRDA:13,9,1,1
BRF:20
BRH:6
end_of_record
TN:
SF:src\gateway\gateway.module.ts
FNF:0
FNH:0
DA:1,0
DA:2,0
DA:3,0
DA:14,0
LF:4
LH:0
BRF:0
BRH:0
end_of_record
TN:
SF:src\gateway\orders.gateway.ts
FN:29,(anonymous_2)
FN:31,(anonymous_3)
FN:45,(anonymous_4)
FN:50,(anonymous_5)
FN:55,(anonymous_6)
FN:59,(anonymous_7)
FN:63,(anonymous_8)
FNF:7
FNH:0
FNDA:0,(anonymous_2)
FNDA:0,(anonymous_3)
FNDA:0,(anonymous_4)
FNDA:0,(anonymous_5)
FNDA:0,(anonymous_6)
FNDA:0,(anonymous_7)
FNDA:0,(anonymous_8)
DA:1,0
DA:8,0
DA:9,0
DA:25,0
DA:27,0
DA:29,0
DA:32,0
DA:33,0
DA:34,0
DA:35,0
DA:38,0
DA:41,0
DA:50,0
DA:51,0
DA:55,0
DA:56,0
DA:60,0
DA:64,0
LF:18
LH:0
BRDA:34,0,0,0
BRDA:34,0,1,0
BRDA:34,1,0,0
BRDA:34,1,1,0
BRDA:27,2,0,0
BRDA:27,2,1,0
BRDA:27,3,0,0
BRDA:27,3,1,0
BRDA:50,4,0,0
BRDA:50,4,1,0
BRDA:50,5,0,0
BRDA:50,5,1,0
BRDA:55,6,0,0
BRDA:55,6,1,0
BRDA:55,7,0,0
BRDA:55,7,1,0
BRDA:21,8,0,0
BRDA:21,8,1,0
BRDA:29,9,0,0
BRDA:29,9,1,0
BRDA:29,10,0,0
BRDA:29,10,1,0
BRF:22
BRH:0
end_of_record
TN:
SF:src\governorates\governorates.controller.ts
FN:6,(anonymous_2)
FN:9,(anonymous_3)
FNF:2
FNH:0
FNDA:0,(anonymous_2)
FNDA:0,(anonymous_3)
DA:1,0
DA:2,0
DA:5,0
DA:6,0
DA:9,0
DA:10,0
LF:6
LH:0
BRDA:6,0,0,0
BRDA:6,0,1,0
BRDA:6,1,0,0
BRDA:6,1,1,0
BRF:4
BRH:0
end_of_record
TN:
SF:src\governorates\governorates.module.ts
FNF:0
FNH:0
DA:1,0
DA:2,0
DA:3,0
DA:4,0
DA:11,0
LF:5
LH:0
BRF:0
BRH:0
end_of_record
TN:
SF:src\governorates\governorates.service.ts
FN:6,(anonymous_2)
FN:8,(anonymous_3)
FNF:2
FNH:0
FNDA:0,(anonymous_2)
FNDA:0,(anonymous_3)
DA:1,0
DA:2,0
DA:5,0
DA:6,0
DA:9,0
LF:5
LH:0
BRDA:6,0,0,0
BRDA:6,0,1,0
BRDA:6,1,0,0
BRDA:6,1,1,0
BRF:4
BRH:0
end_of_record
TN:
SF:src\inventory\inventory.controller.ts
FN:13,(anonymous_4)
FN:16,(anonymous_5)
FN:27,(anonymous_6)
FNF:3
FNH:0
FNDA:0,(anonymous_4)
FNDA:0,(anonymous_5)
FNDA:0,(anonymous_6)
DA:1,0
DA:2,0
DA:3,0
DA:4,0
DA:5,0
DA:6,0
DA:7,0
DA:12,0
DA:13,0
DA:16,0
DA:20,0
DA:27,0
DA:28,0
LF:13
LH:0
BRDA:18,0,0,0
BRDA:18,0,1,0
BRDA:18,1,0,0
BRDA:18,1,1,0
BRDA:13,2,0,0
BRDA:13,2,1,0
BRDA:13,3,0,0
BRDA:13,3,1,0
BRF:8
BRH:0
end_of_record
TN:
SF:src\inventory\inventory.module.ts
FNF:0
FNH:0
DA:1,0
DA:2,0
DA:3,0
DA:4,0
DA:5,0
DA:12,0
LF:6
LH:0
BRF:0
BRH:0
end_of_record
TN:
SF:src\inventory\inventory.service.ts
FN:9,(anonymous_2)
FN:14,(anonymous_3)
FN:41,(anonymous_4)
FN:52,(anonymous_5)
FNF:4
FNH:2
FNDA:2,(anonymous_2)
FNDA:2,(anonymous_3)
FNDA:0,(anonymous_4)
FNDA:0,(anonymous_5)
DA:1,1
DA:2,1
DA:3,1
DA:6,1
DA:7,2
DA:10,2
DA:11,2
DA:16,2
DA:19,2
DA:25,2
DA:26,1
DA:27,1
DA:35,1
DA:44,0
DA:51,0
DA:52,0
LF:16
LH:13
BRDA:25,0,0,1
BRDA:25,0,1,1
BRDA:10,1,0,1
BRDA:10,1,1,0
BRDA:10,2,0,1
BRDA:10,2,1,1
BRDA:10,3,0,1
BRDA:10,3,1,0
BRDA:10,4,0,1
BRDA:10,4,1,1
BRF:10
BRH:8
end_of_record
TN:
SF:src\inventory\dto\update-inventory.dto.ts
FN:6,(anonymous_2)
FNF:1
FNH:0
FNDA:0,(anonymous_2)
DA:1,0
DA:2,0
DA:4,0
DA:6,0
DA:8,0
LF:5
LH:0
BRF:0
BRH:0
end_of_record
TN:
SF:src\notifications\notifications.controller.ts
FN:10,(anonymous_4)
FN:13,(anonymous_5)
FN:18,(anonymous_6)
FNF:3
FNH:0
FNDA:0,(anonymous_4)
FNDA:0,(anonymous_5)
FNDA:0,(anonymous_6)
DA:1,0
DA:2,0
DA:3,0
DA:4,0
DA:9,0
DA:10,0
DA:13,0
DA:14,0
DA:18,0
DA:22,0
LF:10
LH:0
BRDA:10,0,0,0
BRDA:10,0,1,0
BRDA:10,1,0,0
BRDA:10,1,1,0
BRF:4
BRH:0
end_of_record
TN:
SF:src\notifications\notifications.module.ts
FNF:0
FNH:0
DA:1,0
DA:2,0
DA:3,0
DA:4,0
DA:11,0
LF:5
LH:0
BRF:0
BRH:0
end_of_record
TN:
SF:src\notifications\notifications.service.ts
FN:10,(anonymous_11)
FN:22,(anonymous_12)
FN:38,(anonymous_13)
FN:46,(anonymous_14)
FN:56,(anonymous_15)
FNF:5
FNH:0
FNDA:0,(anonymous_11)
FNDA:0,(anonymous_12)
FNDA:0,(anonymous_13)
FNDA:0,(anonymous_14)
FNDA:0,(anonymous_15)
DA:1,1
DA:2,1
DA:3,1
DA:6,1
DA:7,0
DA:10,0
DA:11,0
DA:28,0
DA:39,0
DA:47,0
DA:57,0
DA:58,0
DA:64,0
DA:67,0
DA:68,0
DA:69,0
LF:16
LH:4
BRDA:13,0,0,0
BRDA:13,0,1,0
BRDA:67,1,0,0
BRDA:67,1,1,0
BRDA:68,2,0,0
BRDA:68,2,1,0
BRDA:10,3,0,1
BRDA:10,3,1,0
BRDA:10,4,0,1
BRDA:10,4,1,1
BRF:10
BRH:3
end_of_record
TN:
SF:src\orders\orders.controller.ts
FN:23,(anonymous_4)
FN:26,(anonymous_5)
FN:34,(anonymous_6)
FN:39,(anonymous_7)
FN:46,(anonymous_8)
FNF:5
FNH:0
FNDA:0,(anonymous_4)
FNDA:0,(anonymous_5)
FNDA:0,(anonymous_6)
FNDA:0,(anonymous_7)
FNDA:0,(anonymous_8)
DA:1,0
DA:10,0
DA:11,0
DA:12,0
DA:13,0
DA:14,0
DA:16,0
DA:17,0
DA:18,0
DA:22,0
DA:23,0
DA:26,0
DA:30,0
DA:34,0
DA:35,0
DA:39,0
DA:40,0
DA:46,0
DA:51,0
LF:19
LH:0
BRDA:28,0,0,0
BRDA:28,0,1,0
BRDA:28,1,0,0
BRDA:28,1,1,0
BRDA:48,2,0,0
BRDA:48,2,1,0
BRDA:48,3,0,0
BRDA:48,3,1,0
BRDA:23,4,0,0
BRDA:23,4,1,0
BRDA:23,5,0,0
BRDA:23,5,1,0
BRF:12
BRH:0
end_of_record
TN:
SF:src\orders\orders.module.ts
FNF:0
FNH:0
DA:1,0
DA:2,0
DA:3,0
DA:4,0
DA:5,0
DA:6,0
DA:7,0
DA:20,0
LF:8
LH:0
BRF:0
BRH:0
end_of_record
TN:
SF:src\orders\orders.service.ts
FN:22,(anonymous_2)
FN:29,(anonymous_3)
FN:113,(anonymous_4)
FN:166,(anonymous_5)
FN:197,(anonymous_6)
FN:238,(anonymous_7)
FN:290,(anonymous_8)
FN:319,(anonymous_9)
FNF:8
FNH:6
FNDA:7,(anonymous_2)
FNDA:3,(anonymous_3)
FNDA:3,(anonymous_4)
FNDA:1,(anonymous_5)
FNDA:4,(anonymous_6)
FNDA:0,(anonymous_7)
FNDA:0,(anonymous_8)
FNDA:3,(anonymous_9)
DA:1,1
DA:8,1
DA:11,1
DA:12,1
DA:13,1
DA:14,1
DA:15,1
DA:16,1
DA:19,1
DA:20,7
DA:23,7
DA:24,7
DA:25,7
DA:26,7
DA:30,3
DA:33,3
DA:37,3
DA:38,0
DA:41,3
DA:48,3
DA:63,3
DA:64,0
DA:68,3
DA:73,3
DA:75,3
DA:76,3
DA:79,3
DA:80,3
DA:86,3
DA:87,3
DA:89,3
DA:97,3
DA:101,3
DA:105,3
DA:106,3
DA:107,3
DA:110,3
DA:113,3
DA:115,3
DA:141,3
DA:142,3
DA:156,3
DA:160,3
DA:163,3
DA:167,1
DA:170,1
DA:171,1
DA:174,1
DA:198,4
DA:226,4
DA:227,2
DA:231,2
DA:232,0
DA:235,2
DA:244,0
DA:248,0
DA:249,0
DA:253,0
DA:254,0
DA:257,0
DA:260,0
DA:264,0
DA:270,0
DA:271,0
DA:274,0
DA:291,0
DA:302,0
DA:304,0
DA:305,0
DA:320,3
DA:321,3
DA:322,3
LF:72
LH:54
BRDA:37,0,0,0
BRDA:37,0,1,3
BRDA:63,1,0,0
BRDA:63,1,1,3
BRDA:63,2,0,3
BRDA:63,2,1,3
BRDA:101,3,0,0
BRDA:101,3,1,3
BRDA:105,4,0,3
BRDA:105,4,1,3
BRDA:170,5,0,1
BRDA:170,5,1,0
BRDA:226,6,0,2
BRDA:226,6,1,2
BRDA:231,7,0,0
BRDA:231,7,1,2
BRDA:231,8,0,2
BRDA:231,8,1,2
BRDA:248,9,0,0
BRDA:248,9,1,0
BRDA:253,10,0,0
BRDA:253,10,1,0
BRDA:260,11,0,0
BRDA:260,11,1,0
BRDA:261,12,0,0
BRDA:261,12,1,0
BRDA:270,13,0,0
BRDA:270,13,1,0
BRDA:302,14,0,0
BRDA:302,14,1,0
BRDA:23,15,0,1
BRDA:23,15,1,0
BRDA:23,16,0,1
BRDA:23,16,1,1
BRDA:23,17,0,1
BRDA:23,17,1,0
BRDA:23,18,0,1
BRDA:23,18,1,1
BRDA:24,19,0,1
BRDA:24,19,1,0
BRDA:24,20,0,1
BRDA:24,20,1,1
BRDA:25,21,0,1
BRDA:25,21,1,0
BRDA:25,22,0,1
BRDA:25,22,1,1
BRF:46
BRH:25
end_of_record
TN:
SF:src\orders\dto\create-order.dto.ts
FNF:0
FNH:0
DA:1,0
DA:3,0
DA:6,0
DA:10,0
LF:4
LH:0
BRF:0
BRH:0
end_of_record
TN:
SF:src\orders\dto\update-order-status.dto.ts
FNF:0
FNH:0
DA:1,0
DA:2,0
DA:4,0
DA:7,0
LF:4
LH:0
BRDA:7,0,0,0
BRDA:7,0,1,0
BRDA:7,1,0,0
BRDA:7,1,1,0
BRF:4
BRH:0
end_of_record
TN:
SF:src\payments\payments.controller.ts
FN:8,(anonymous_4)
FN:12,(anonymous_5)
FN:20,(anonymous_6)
FNF:3
FNH:0
FNDA:0,(anonymous_4)
FNDA:0,(anonymous_5)
FNDA:0,(anonymous_6)
DA:1,0
DA:2,0
DA:3,0
DA:4,0
DA:7,0
DA:8,0
DA:12,0
DA:16,0
DA:20,0
DA:21,0
LF:10
LH:0
BRDA:14,0,0,0
BRDA:14,0,1,0
BRDA:14,1,0,0
BRDA:14,1,1,0
BRDA:8,2,0,0
BRDA:8,2,1,0
BRDA:8,3,0,0
BRDA:8,3,1,0
BRF:8
BRH:0
end_of_record
TN:
SF:src\payments\payments.module.ts
FNF:0
FNH:0
DA:1,0
DA:2,0
DA:3,0
DA:4,0
DA:11,0
LF:5
LH:0
BRF:0
BRH:0
end_of_record
TN:
SF:src\payments\payments.service.ts
FN:16,(anonymous_3)
FN:18,(anonymous_4)
FN:56,(anonymous_5)
FN:147,(anonymous_6)
FNF:4
FNH:3
FNDA:3,(anonymous_3)
FNDA:4,(anonymous_4)
FNDA:0,(anonymous_5)
FNDA:2,(anonymous_6)
DA:1,1
DA:7,1
DA:8,1
DA:9,1
DA:10,1
DA:13,1
DA:14,3
DA:16,3
DA:19,4
DA:23,4
DA:24,2
DA:28,2
DA:32,2
DA:33,0
DA:36,2
DA:38,0
DA:49,2
DA:50,0
DA:53,2
DA:60,0
DA:62,0
DA:69,0
DA:71,0
DA:74,0
DA:85,0
DA:88,0
DA:115,0
DA:118,0
DA:128,0
DA:135,0
DA:136,0
DA:137,0
DA:141,0
DA:158,2
DA:159,2
DA:160,2
DA:162,2
DA:167,2
DA:168,2
DA:171,0
DA:172,0
DA:173,0
DA:175,0
DA:178,0
DA:180,0
DA:190,0
DA:191,0
DA:197,0
LF:48
LH:22
BRDA:23,0,0,2
BRDA:23,0,1,2
BRDA:32,1,0,0
BRDA:32,1,1,2
BRDA:36,2,0,0
BRDA:36,2,1,2
BRDA:49,3,0,0
BRDA:49,3,1,2
BRDA:135,4,0,0
BRDA:135,4,1,0
BRDA:136,5,0,0
BRDA:136,5,1,0
BRDA:167,6,0,2
BRDA:167,6,1,0
BRDA:172,7,0,0
BRDA:172,7,1,0
BRDA:178,8,0,0
BRDA:178,8,1,0
BRDA:185,9,0,0
BRDA:185,9,1,0
BRDA:190,10,0,0
BRDA:190,10,1,0
BRDA:16,11,0,1
BRDA:16,11,1,0
BRDA:16,12,0,1
BRDA:16,12,1,1
BRF:26
BRH:9
end_of_record
TN:
SF:src\payments\dto\create-payment.dto.ts
FNF:0
FNH:0
DA:1,0
DA:2,0
DA:4,0
DA:6,0
LF:4
LH:0
BRDA:6,0,0,0
BRDA:6,0,1,0
BRDA:6,1,0,0
BRDA:6,1,1,0
BRF:4
BRH:0
end_of_record
TN:
SF:src\products\products.controller.ts
FN:26,(anonymous_4)
FN:32,(anonymous_5)
FN:40,(anonymous_6)
FN:45,(anonymous_7)
FN:50,(anonymous_8)
FN:58,(anonymous_9)
FN:69,(anonymous_10)
FNF:7
FNH:0
FNDA:0,(anonymous_4)
FNDA:0,(anonymous_5)
FNDA:0,(anonymous_6)
FNDA:0,(anonymous_7)
FNDA:0,(anonymous_8)
FNDA:0,(anonymous_9)
FNDA:0,(anonymous_10)
DA:1,0
DA:14,0
DA:15,0
DA:16,0
DA:17,0
DA:18,0
DA:19,0
DA:20,0
DA:21,0
DA:22,0
DA:25,0
DA:26,0
DA:32,0
DA:36,0
DA:40,0
DA:41,0
DA:45,0
DA:46,0
DA:50,0
DA:51,0
DA:58,0
DA:63,0
DA:69,0
DA:70,0
LF:24
LH:0
BRDA:33,0,0,0
BRDA:33,0,1,0
BRDA:33,1,0,0
BRDA:33,1,1,0
BRDA:40,2,0,0
BRDA:40,2,1,0
BRDA:40,3,0,0
BRDA:40,3,1,0
BRDA:60,4,0,0
BRDA:60,4,1,0
BRDA:60,5,0,0
BRDA:60,5,1,0
BRDA:26,6,0,0
BRDA:26,6,1,0
BRDA:26,7,0,0
BRDA:26,7,1,0
BRF:16
BRH:0
end_of_record
TN:
SF:src\products\products.module.ts
FNF:0
FNH:0
DA:1,0
DA:2,0
DA:3,0
DA:4,0
DA:5,0
DA:6,0
DA:7,0
DA:8,0
DA:22,0
LF:9
LH:0
BRF:0
BRH:0
end_of_record
TN:
SF:src\products\products.service.ts
FN:18,(anonymous_2)
FN:26,(anonymous_3)
FN:69,(anonymous_4)
FN:141,(anonymous_5)
FN:145,(anonymous_6)
FN:149,(anonymous_7)
FN:185,(anonymous_8)
FN:221,(anonymous_9)
FNF:8
FNH:8
FNDA:10,(anonymous_2)
FNDA:2,(anonymous_3)
FNDA:2,(anonymous_4)
FNDA:3,(anonymous_5)
FNDA:1,(anonymous_6)
FNDA:4,(anonymous_7)
FNDA:2,(anonymous_8)
FNDA:1,(anonymous_9)
DA:1,1
DA:2,1
DA:6,1
DA:7,1
DA:8,1
DA:9,1
DA:10,1
DA:11,1
DA:15,1
DA:16,10
DA:19,10
DA:20,10
DA:21,10
DA:22,10
DA:23,10
DA:30,2
DA:36,2
DA:37,2
DA:39,0
DA:40,0
DA:43,2
DA:59,2
DA:66,2
DA:80,2
DA:82,2
DA:84,2
DA:88,2
DA:89,0
DA:96,2
DA:97,0
DA:100,2
DA:101,0
DA:102,0
DA:103,0
DA:105,0
DA:106,0
DA:110,2
DA:111,0
DA:114,2
DA:131,2
DA:142,3
DA:146,1
DA:153,4
DA:178,4
DA:179,2
DA:182,2
DA:190,2
DA:192,2
DA:195,2
DA:196,1
DA:204,2
DA:206,0
DA:207,0
DA:208,0
DA:211,2
DA:222,1
DA:225,1
DA:226,0
DA:227,0
DA:228,0
DA:229,0
DA:232,0
DA:233,0
DA:238,1
DA:242,1
LF:65
LH:46
BRDA:36,0,0,2
BRDA:36,0,1,2
BRDA:37,1,0,0
BRDA:37,1,1,2
BRDA:37,2,0,2
BRDA:37,2,1,0
BRDA:76,3,0,0
BRDA:77,4,0,0
BRDA:78,5,0,2
BRDA:79,6,0,2
BRDA:88,7,0,0
BRDA:88,7,1,2
BRDA:96,8,0,0
BRDA:96,8,1,2
BRDA:100,9,0,0
BRDA:100,9,1,2
BRDA:100,10,0,2
BRDA:100,10,1,2
BRDA:102,11,0,0
BRDA:102,11,1,0
BRDA:105,12,0,0
BRDA:105,12,1,0
BRDA:110,13,0,0
BRDA:110,13,1,2
BRDA:154,14,0,3
BRDA:154,14,1,1
BRDA:170,15,0,4
BRDA:170,15,1,3
BRDA:178,16,0,2
BRDA:178,16,1,2
BRDA:195,17,0,1
BRDA:195,17,1,1
BRDA:195,18,0,2
BRDA:195,18,1,1
BRDA:204,19,0,0
BRDA:204,19,1,2
BRDA:204,20,0,2
BRDA:204,20,1,0
BRDA:207,21,0,0
BRDA:207,21,1,0
BRDA:225,22,0,0
BRDA:225,22,1,1
BRDA:225,23,0,1
BRDA:225,23,1,1
BRDA:232,24,0,0
BRDA:232,24,1,0
BRDA:19,25,0,1
BRDA:19,25,1,0
BRDA:19,26,0,1
BRDA:19,26,1,1
BRDA:19,27,0,1
BRDA:19,27,1,0
BRDA:19,28,0,1
BRDA:19,28,1,1
BRDA:20,29,0,1
BRDA:20,29,1,0
BRDA:20,30,0,1
BRDA:20,30,1,1
BRDA:21,31,0,1
BRDA:21,31,1,0
BRDA:21,32,0,1
BRDA:21,32,1,1
BRDA:22,33,0,1
BRDA:22,33,1,0
BRDA:22,34,0,1
BRDA:22,34,1,1
BRF:66
BRH:42
end_of_record
TN:
SF:src\products\dto\create-product.dto.ts
FN:22,(anonymous_2)
FN:27,(anonymous_3)
FN:58,(anonymous_4)
FNF:3
FNH:0
FNDA:0,(anonymous_2)
FNDA:0,(anonymous_3)
FNDA:0,(anonymous_4)
DA:1,0
DA:10,0
DA:12,0
DA:15,0
DA:19,0
DA:22,0
DA:24,0
DA:27,0
DA:30,0
DA:34,0
DA:38,0
DA:42,0
DA:47,0
DA:51,0
DA:55,0
DA:58,0
DA:61,0
DA:65,0
LF:18
LH:0
BRF:0
BRH:0
end_of_record
TN:
SF:src\products\dto\product-query.dto.ts
FN:14,(anonymous_2)
FN:19,(anonymous_3)
FN:24,(anonymous_4)
FN:29,(anonymous_5)
FN:34,(anonymous_6)
FNF:5
FNH:0
FNDA:0,(anonymous_2)
FNDA:0,(anonymous_3)
FNDA:0,(anonymous_4)
FNDA:0,(anonymous_5)
FNDA:0,(anonymous_6)
DA:1,0
DA:2,0
DA:4,0
DA:7,0
DA:11,0
DA:14,0
DA:16,0
DA:19,0
DA:21,0
DA:24,0
DA:26,0
DA:29,0
DA:31,0
DA:34,0
DA:36,0
DA:40,0
DA:44,0
LF:17
LH:0
BRF:0
BRH:0
end_of_record
TN:
SF:src\products\dto\update-product.dto.ts
FN:21,(anonymous_2)
FN:27,(anonymous_3)
FN:58,(anonymous_4)
FNF:3
FNH:0
FNDA:0,(anonymous_2)
FNDA:0,(anonymous_3)
FNDA:0,(anonymous_4)
DA:1,0
DA:9,0
DA:11,0
DA:14,0
DA:18,0
DA:21,0
DA:24,0
DA:27,0
DA:30,0
DA:34,0
DA:38,0
DA:42,0
DA:47,0
DA:51,0
DA:55,0
DA:58,0
DA:61,0
DA:65,0
LF:18
LH:0
BRF:0
BRH:0
end_of_record
TN:
SF:src\reviews\reviews.controller.ts
FN:23,(anonymous_4)
FN:27,(anonymous_5)
FN:41,(anonymous_6)
FN:55,(anonymous_7)
FNF:4
FNH:0
FNDA:0,(anonymous_4)
FNDA:0,(anonymous_5)
FNDA:0,(anonymous_6)
FNDA:0,(anonymous_7)
DA:1,0
DA:11,0
DA:12,0
DA:13,0
DA:14,0
DA:15,0
DA:17,0
DA:18,0
DA:19,0
DA:22,0
DA:23,0
DA:27,0
DA:32,0
DA:41,0
DA:45,0
DA:55,0
DA:56,0
LF:17
LH:0
BRDA:30,0,0,0
BRDA:30,0,1,0
BRDA:30,1,0,0
BRDA:30,1,1,0
BRDA:43,2,0,0
BRDA:43,2,1,0
BRDA:43,3,0,0
BRDA:43,3,1,0
BRDA:23,4,0,0
BRDA:23,4,1,0
BRDA:23,5,0,0
BRDA:23,5,1,0
BRF:12
BRH:0
end_of_record
TN:
SF:src\reviews\reviews.module.ts
FNF:0
FNH:0
DA:1,0
DA:2,0
DA:3,0
DA:4,0
DA:5,0
DA:12,0
LF:6
LH:0
BRF:0
BRH:0
end_of_record
TN:
SF:src\reviews\reviews.service.ts
FN:10,(anonymous_2)
FN:15,(anonymous_3)
FN:68,(anonymous_4)
FN:104,(anonymous_5)
FNF:4
FNH:3
FNDA:4,(anonymous_2)
FNDA:3,(anonymous_3)
FNDA:2,(anonymous_4)
FNDA:0,(anonymous_5)
DA:1,1
DA:2,1
DA:3,1
DA:4,1
DA:5,1
DA:6,1
DA:9,1
DA:11,4
DA:12,4
DA:22,3
DA:32,3
DA:33,2
DA:39,1
DA:48,1
DA:49,0
DA:52,1
DA:69,2
DA:71,2
DA:94,2
DA:105,0
LF:20
LH:18
BRDA:32,0,0,2
BRDA:32,0,1,1
BRDA:48,1,0,0
BRDA:48,1,1,1
BRDA:68,2,0,0
BRDA:68,3,0,0
BRDA:11,4,0,1
BRDA:11,4,1,0
BRDA:11,5,0,1
BRDA:11,5,1,1
BRDA:11,6,0,1
BRDA:11,6,1,0
BRDA:11,7,0,1
BRDA:11,7,1,1
BRF:14
BRH:9
end_of_record
TN:
SF:src\reviews\dto\create-review.dto.ts
FN:6,(anonymous_2)
FNF:1
FNH:0
FNDA:0,(anonymous_2)
DA:1,0
DA:2,0
DA:4,0
DA:6,0
DA:9,0
DA:13,0
LF:6
LH:0
BRF:0
BRH:0
end_of_record
TN:
SF:src\users\users.controller.ts
FN:22,(anonymous_4)
FN:25,(anonymous_5)
FN:30,(anonymous_6)
FN:38,(anonymous_7)
FN:43,(anonymous_8)
FN:51,(anonymous_9)
FN:64,(anonymous_10)
FNF:7
FNH:0
FNDA:0,(anonymous_4)
FNDA:0,(anonymous_5)
FNDA:0,(anonymous_6)
FNDA:0,(anonymous_7)
FNDA:0,(anonymous_8)
FNDA:0,(anonymous_9)
FNDA:0,(anonymous_10)
DA:1,0
DA:11,0
DA:12,0
DA:13,0
DA:15,0
DA:16,0
DA:17,0
DA:21,0
DA:22,0
DA:25,0
DA:26,0
DA:30,0
DA:34,0
DA:38,0
DA:39,0
DA:43,0
DA:47,0
DA:51,0
DA:56,0
DA:64,0
DA:68,0
LF:21
LH:0
BRDA:32,0,0,0
BRDA:32,0,1,0
BRDA:32,1,0,0
BRDA:32,1,1,0
BRDA:45,2,0,0
BRDA:45,2,1,0
BRDA:45,3,0,0
BRDA:45,3,1,0
BRDA:54,4,0,0
BRDA:54,4,1,0
BRDA:54,5,0,0
BRDA:54,5,1,0
BRDA:22,6,0,0
BRDA:22,6,1,0
BRDA:22,7,0,0
BRDA:22,7,1,0
BRF:16
BRH:0
end_of_record
TN:
SF:src\users\users.module.ts
FNF:0
FNH:0
DA:1,0
DA:2,0
DA:3,0
DA:4,0
DA:5,0
DA:12,0
LF:6
LH:0
BRF:0
BRH:0
end_of_record
TN:
SF:src\users\users.service.ts
FN:16,(anonymous_2)
FN:21,(anonymous_3)
FN:41,(anonymous_4)
FN:68,(anonymous_5)
FN:75,(anonymous_6)
FN:92,(anonymous_7)
FN:125,(anonymous_8)
FNF:7
FNH:5
FNDA:7,(anonymous_2)
FNDA:1,(anonymous_3)
FNDA:3,(anonymous_4)
FNDA:0,(anonymous_5)
FNDA:0,(anonymous_6)
FNDA:3,(anonymous_7)
FNDA:3,(anonymous_8)
DA:1,1
DA:6,1
DA:10,1
DA:11,1
DA:12,1
DA:15,1
DA:17,7
DA:18,7
DA:22,1
DA:34,1
DA:35,0
DA:38,1
DA:42,3
DA:46,3
DA:47,2
DA:51,1
DA:52,0
DA:56,0
DA:57,0
DA:61,1
DA:69,0
DA:77,0
DA:78,0
DA:84,0
DA:97,3
DA:101,3
DA:102,2
DA:105,1
DA:112,1
DA:113,0
DA:119,1
DA:126,3
DA:130,3
DA:131,2
DA:134,1
DA:140,1
DA:144,1
LF:37
LH:28
BRDA:34,0,0,0
BRDA:34,0,1,1
BRDA:46,1,0,2
BRDA:46,1,1,1
BRDA:51,2,0,0
BRDA:51,2,1,1
BRDA:51,3,0,1
BRDA:51,3,1,0
BRDA:56,4,0,0
BRDA:56,4,1,0
BRDA:77,5,0,0
BRDA:77,5,1,0
BRDA:101,6,0,2
BRDA:101,6,1,1
BRDA:112,7,0,0
BRDA:112,7,1,1
BRDA:130,8,0,2
BRDA:130,8,1,1
BRDA:17,9,0,1
BRDA:17,9,1,0
BRDA:17,10,0,1
BRDA:17,10,1,1
BRDA:17,11,0,1
BRDA:17,11,1,0
BRDA:17,12,0,1
BRDA:17,12,1,1
BRF:26
BRH:16
end_of_record
TN:
SF:src\users\dto\create-address.dto.ts
FNF:0
FNH:0
DA:1,0
DA:3,0
DA:6,0
DA:10,0
DA:14,0
DA:18,0
DA:22,0
DA:26,0
LF:8
LH:0
BRF:0
BRH:0
end_of_record
TN:
SF:src\users\dto\update-address.dto.ts
FNF:0
FNH:0
DA:1,0
DA:3,0
DA:6,0
DA:10,0
DA:14,0
DA:18,0
DA:22,0
DA:26,0
LF:8
LH:0
BRF:0
BRH:0
end_of_record
TN:
SF:src\users\dto\update-profile.dto.ts
FNF:0
FNH:0
DA:1,0
DA:3,0
DA:6,0
DA:10,0
DA:14,0
LF:5
LH:0
BRF:0
BRH:0
end_of_record
